Dec 21, 2025 03:12:41.324 [124058918419256] INFO - Plex Media Server v1.42.2.10156-f737b826c - Docker Docker Container (LinuxServer.io) x86_64 - build: linux-x86_64 debian - GMT -05:00
Dec 21, 2025 03:12:41.325 [124058918419256] INFO - Linux version: 6.6.87.2-microsoft-standard-WSL2, language: en-US
Dec 21, 2025 03:12:41.325 [124058918419256] INFO - Processor: 32-core Intel(R) Core(TM) i9-14900K
Dec 21, 2025 03:12:41.325 [124058918419256] INFO - Compiler is - Clang 11.0.1 (https://plex.tv 9b997da8e5b47bdb4a9425b3a3b290be393b4b1f)
Dec 21, 2025 03:12:41.326 [124058918419256] INFO - /usr/lib/plexmediaserver/Plex Media Server
Dec 21, 2025 03:12:41.282 [124058920962704] DEBUG - BPQ: [Idle] -> [Starting]
Dec 21, 2025 03:12:41.316 [124058920962704] DEBUG - FeatureManager: Using cached data for features list
Dec 21, 2025 03:12:41.332 [124058920962704] DEBUG - MyPlex: mapping state set to 'Unknown'.
Dec 21, 2025 03:12:41.333 [124058920962704] DEBUG - Relay: read 0 cached entries from hosts file
Dec 21, 2025 03:12:41.339 [124058920962704] DEBUG - Opening 20 database sessions to library (com.plexapp.plugins.library), SQLite 3.39.4, threadsafe=1
Dec 21, 2025 03:12:41.478 [124058920962704] INFO - SQLITE3:0x80000001, 283, recovered 554 frames from WAL file /config/Library/Application Support/Plex Media Server/Plug-in Support/Databases/com.plexapp.plugins.library.db-wal
Dec 21, 2025 03:12:41.758 [124058920962704] DEBUG - MyPlex: no cached data to load for request for https://plex.tv/api/v2/server/users/features
Dec 21, 2025 03:12:41.770 [124058920962704] DEBUG - HttpServer: Listening on IPv6 as well as IPv4.
Dec 21, 2025 03:12:41.770 [124058920962704] DEBUG - HttpServer: Listening on port 32400.
Dec 21, 2025 03:12:41.771 [124058920962704] DEBUG - HttpServer: Listening on port 32401.
Dec 21, 2025 03:12:41.771 [124058920962704] DEBUG - Running server...
Dec 21, 2025 03:12:41.771 [124058900687672] DEBUG - HttpServer: Set up a thread pool with 2 threads.
Dec 21, 2025 03:12:41.771 [124058920962704] INFO - Running migrations. (EPG 0)
Dec 21, 2025 03:12:41.772 [124058920962704] DEBUG - Captured session 0.
Dec 21, 2025 03:12:41.772 [124058920962704] DEBUG - Captured session 1.
Dec 21, 2025 03:12:41.772 [124058920962704] DEBUG - Captured session 2.
Dec 21, 2025 03:12:41.772 [124058920962704] DEBUG - Captured session 3.
Dec 21, 2025 03:12:41.772 [124058920962704] DEBUG - Captured session 4.
Dec 21, 2025 03:12:41.772 [124058920962704] DEBUG - Captured session 5.
Dec 21, 2025 03:12:41.772 [124058920962704] DEBUG - Captured session 6.
Dec 21, 2025 03:12:41.772 [124058920962704] DEBUG - Captured session 7.
Dec 21, 2025 03:12:41.772 [124058920962704] DEBUG - Captured session 8.
Dec 21, 2025 03:12:41.772 [124058920962704] DEBUG - Captured session 9.
Dec 21, 2025 03:12:41.772 [124058920962704] DEBUG - Captured session 10.
Dec 21, 2025 03:12:41.772 [124058920962704] DEBUG - Captured session 11.
Dec 21, 2025 03:12:41.772 [124058920962704] DEBUG - Captured session 12.
Dec 21, 2025 03:12:41.772 [124058920962704] DEBUG - Captured session 13.
Dec 21, 2025 03:12:41.772 [124058920962704] DEBUG - Captured session 14.
Dec 21, 2025 03:12:41.772 [124058920962704] DEBUG - Captured session 15.
Dec 21, 2025 03:12:41.772 [124058920962704] DEBUG - Captured session 16.
Dec 21, 2025 03:12:41.772 [124058920962704] DEBUG - Captured session 17.
Dec 21, 2025 03:12:41.772 [124058920962704] DEBUG - Captured session 18.
Dec 21, 2025 03:12:41.772 [124058920962704] DEBUG - Captured session 19.
Dec 21, 2025 03:12:41.783 [124058920962704] DEBUG - ChangestampAllocator: initialized to 0
Dec 21, 2025 03:12:41.784 [124058920962704] DEBUG - Opening 2 database sessions to library (com.plexapp.plugins.library.blobs), SQLite 3.39.4, threadsafe=1
Dec 21, 2025 03:12:41.838 [124058920962704] INFO - Running migrations. (EPG 0)
Dec 21, 2025 03:12:41.840 [124058920962704] DEBUG - Captured session 0.
Dec 21, 2025 03:12:41.840 [124058920962704] DEBUG - Captured session 1.
Dec 21, 2025 03:12:42.033 [124058903907128] DEBUG - Request: didn't get any data from [::1]:50864: End of file
Dec 21, 2025 03:12:42.090 [124058913749816] DEBUG - Grabber: Cleaning up orphaned grabs.
Dec 21, 2025 03:12:42.090 [124058913749816] DEBUG - Grabber: Cleaned up 0 decrepit directories in 0.0 sec.
Dec 21, 2025 03:12:42.091 [124058920962704] DEBUG - Media Provider: Registering provider com.plexapp.plugins.library
Dec 21, 2025 03:12:42.091 [124058920962704] DEBUG - Auth: Refreshing tokens inside the token-based authentication filter.
Dec 21, 2025 03:12:42.091 [124058913749816] DEBUG - Auth: Refreshing tokens inside the token-based authentication filter.
Dec 21, 2025 03:12:42.091 [124058920962704] DEBUG - Opening 1 database sessions to library (), SQLite 3.39.4, threadsafe=1
Dec 21, 2025 03:12:42.092 [124058896436024] DEBUG - File "/usr/lib/plexmediaserver/Resources/Plug-ins-f737b826c" changed: -1 => 2025-11-24 04:32:52 (1763976772).
Dec 21, 2025 03:12:42.093 [124058896436024] DEBUG - File "/config/Library/Application Support/Plex Media Server/Plug-ins" changed: -1 => 2025-12-13 04:44:05 (1765619045).
Dec 21, 2025 03:12:42.093 [124058896436024] DEBUG - Scanning for plug-ins in "/usr/lib/plexmediaserver/Resources/Plug-ins-f737b826c"
Dec 21, 2025 03:12:42.103 [124058896436024] DEBUG - Scanning for plug-ins in "/config/Library/Application Support/Plex Media Server/Plug-ins"
Dec 21, 2025 03:12:42.105 [124058896436024] DEBUG - PluginRepository::setStartState: 1, startingSystem
Dec 21, 2025 03:12:42.105 [124058896436024] DEBUG - Starting plug-in /usr/lib/plexmediaserver/Resources/Plug-ins-f737b826c/System.bundle.
Dec 21, 2025 03:12:42.105 [124058896436024] DEBUG - [com.plexapp.system] Setting plug-in to always running (daemon mode).
Dec 21, 2025 03:12:42.108 [124058896436024] DEBUG - Starting file watcher for com.plexapp.system
Dec 21, 2025 03:12:42.108 [124058896436024] DEBUG - Plugin: setting environment variable: 'PYTHONHOME=/usr/lib/plexmediaserver/Resources/Python'
Dec 21, 2025 03:12:42.108 [124058896436024] DEBUG - Plugin: setting environment variable: 'PYTHONPATH=/usr/lib/plexmediaserver/Resources/Python/python27.zip:/usr/lib/plexmediaserver/Resources/Python/lib/python2.7/site-packages'
Dec 21, 2025 03:12:42.111 [124058896436024] DEBUG - Spawned plug-in com.plexapp.system with PID 221
Dec 21, 2025 03:12:42.111 [124058896436024] DEBUG - [com.plexapp.system] Sending command: GET /:/prefixes
Dec 21, 2025 03:12:42.735 [124058892127032] DEBUG - Request: [127.0.0.1:60592 (Loopback)] GET / (3 live) #3 GZIP Token ()
Dec 21, 2025 03:12:42.735 [124058903907128] DEBUG - Completed: [127.0.0.1:60592] 503 GET / (3 live) #3 GZIP 0ms 436 bytes
Dec 21, 2025 03:12:42.736 [124058892127032] DEBUG - Request: [127.0.0.1:60606 (Loopback)] GET /:/plugins/com.plexapp.system/messaging/function/X0J1bmRsZVNlcnZpY2U6QWxsU2VydmljZXM_/Y2VyZWFsMQoxCmxpc3QKMApyMAo_/Y2VyZWFsMQoxCmRpY3QKMApyMAo_ (3 live) #4 GZIP Token ()
Dec 21, 2025 03:12:42.736 [124058903907128] DEBUG - Completed: [127.0.0.1:60606] 503 GET /:/plugins/com.plexapp.system/messaging/function/X0J1bmRsZVNlcnZpY2U6QWxsU2VydmljZXM_/Y2VyZWFsMQoxCmxpc3QKMApyMAo_/Y2VyZWFsMQoxCmRpY3QKMApyMAo_ (3 live) #4 GZIP 0ms 436 bytes
Dec 21, 2025 03:12:43.043 [124058892127032] DEBUG - Request: [127.0.0.1:60622 (Loopback)] GET /servers (3 live) #7 GZIP Token ()
Dec 21, 2025 03:12:43.043 [124058896436024] DEBUG - Reading 486 bytes in the body, code is 200
Dec 21, 2025 03:12:43.043 [124058896436024] DEBUG - [com.plexapp.system] Plug-in running on port 38747.
Dec 21, 2025 03:12:43.043 [124058896436024] DEBUG -  * Plug-in handles prefix: /system
Dec 21, 2025 03:12:43.043 [124058896436024] DEBUG -  * Plug-in handles prefix: /player
Dec 21, 2025 03:12:43.043 [124058906016568] DEBUG - Completed: [127.0.0.1:60622] 503 GET /servers (3 live) #7 GZIP 0ms 436 bytes
Dec 21, 2025 03:12:43.043 [124058896436024] DEBUG - Read configuration for [com.plexapp.system], had 2 prefixes
Dec 21, 2025 03:12:43.044 [124058896436024] DEBUG - Done with 1 synchronous plug-in starts, starting the rest in parallel.
Dec 21, 2025 03:12:43.044 [124058896436024] DEBUG - PluginRepository::setStartState: 2, startingPlugins
Dec 21, 2025 03:12:43.044 [124058896436024] DEBUG - Updating the list of agents known by the system.
Dec 21, 2025 03:12:43.044 [124058896436024] DEBUG - [com.plexapp.system] Sending command over HTTP (GET): /system/agents
Dec 21, 2025 03:12:43.044 [124058896436024] DEBUG - [HCl#1] HTTP requesting GET http://127.0.0.1:38747/system/agents
Dec 21, 2025 03:12:43.045 [124058920962704] DEBUG - Image transcode cache directory: "/config/Library/Application Support/Plex Media Server/Cache/PhotoTranscoder"
Dec 21, 2025 03:12:43.048 [124058920962704] DEBUG - Transcoder: Cleaning old transcode directories.
Dec 21, 2025 03:12:43.064 [124058920962704] DEBUG - MyPlex: stop public ip check and mapping - current mapped state: 'Unknown'.
Dec 21, 2025 03:12:43.074 [124058920962704] DEBUG - NetworkInterface: Starting watch thread.
Dec 21, 2025 03:12:43.074 [124058920962704] DEBUG - Network change.
Dec 21, 2025 03:12:43.074 [124058920962704] DEBUG - NetworkInterface: Notified of network changed (force=0)
Dec 21, 2025 03:12:43.074 [124058885438264] DEBUG - NetworkInterface: Watching for changes on the interfaces.
Dec 21, 2025 03:12:43.074 [124058920962704] DEBUG - Detected primary interface: 172.18.0.4
Dec 21, 2025 03:12:43.074 [124058920962704] DEBUG - Network interfaces:
Dec 21, 2025 03:12:43.074 [124058920962704] DEBUG -  * 1 lo (127.0.0.1) (00-00-00-00-00-00) (loopback: 1)
Dec 21, 2025 03:12:43.074 [124058920962704] DEBUG -  * 2 eth0 (172.18.0.4) (36-E9-AB-B2-B7-6B) (loopback: 0)
Dec 21, 2025 03:12:43.074 [124058920962704] DEBUG -  * 1 lo (::1) (00-00-00-00-00-00) (loopback: 1)
Dec 21, 2025 03:12:43.074 [124058920962704] DEBUG - Creating NetworkServices singleton.
Dec 21, 2025 03:12:43.074 [124058920962704] DEBUG - NetworkServices: Initializing...
Dec 21, 2025 03:12:43.074 [124058920962704] DEBUG - NetworkService: Creating new service.
Dec 21, 2025 03:12:43.074 [124058920962704] DEBUG - NetworkService: Got notification of changed network (first change: 1)
Dec 21, 2025 03:12:43.074 [124058920962704] DEBUG - NetworkService: Quick dispatch of network change.
Dec 21, 2025 03:12:43.074 [124058920962704] DEBUG - NetworkService: Creating new service.
Dec 21, 2025 03:12:43.074 [124058920962704] DEBUG - NetworkService: Got notification of changed network (first change: 1)
Dec 21, 2025 03:12:43.074 [124058920962704] DEBUG - NetworkService: Quick dispatch of network change.
Dec 21, 2025 03:12:43.074 [124058920962704] DEBUG - NetworkService: Creating new service.
Dec 21, 2025 03:12:43.074 [124058920962704] DEBUG - NetworkService: Got notification of changed network (first change: 1)
Dec 21, 2025 03:12:43.074 [124058920962704] DEBUG - NetworkService: Quick dispatch of network change.
Dec 21, 2025 03:12:43.074 [124058920962704] DEBUG - NetworkService: Creating new service.
Dec 21, 2025 03:12:43.074 [124058883328824] DEBUG - Network change for advertiser.
Dec 21, 2025 03:12:43.074 [124058883328824] DEBUG - NetworkService: Setting up multicast listener on 0.0.0.0:32414
Dec 21, 2025 03:12:43.074 [124058920962704] DEBUG - NetworkService: Got notification of changed network (first change: 1)
Dec 21, 2025 03:12:43.074 [124058920962704] DEBUG - NetworkService: Quick dispatch of network change.
Dec 21, 2025 03:12:43.074 [124058920962704] DEBUG - NetworkService: Creating new service.
Dec 21, 2025 03:12:43.074 [124058920962704] DEBUG - NetworkService: Got notification of changed network (first change: 1)
Dec 21, 2025 03:12:43.074 [124058920962704] DEBUG - NetworkService: Quick dispatch of network change.
Dec 21, 2025 03:12:43.074 [124058920962704] DEBUG - NetworkService: Creating new service.
Dec 21, 2025 03:12:43.074 [124058920962704] DEBUG - NetworkService: Got notification of changed network (first change: 1)
Dec 21, 2025 03:12:43.074 [124058920962704] DEBUG - NetworkService: Quick dispatch of network change.
Dec 21, 2025 03:12:43.074 [124058883328824] DEBUG - Network change for advertiser.
Dec 21, 2025 03:12:43.074 [124058883328824] DEBUG - NetworkService: Setting up multicast listener on 0.0.0.0:32410
Dec 21, 2025 03:12:43.075 [124058883328824] DEBUG - Network change for advertiser.
Dec 21, 2025 03:12:43.075 [124058883328824] DEBUG - NetworkService: Setting up multicast listener on 0.0.0.0:32412
Dec 21, 2025 03:12:43.075 [124058883328824] DEBUG - NetworkService: Network change for browser (polled=0), closing 0 browse sockets.
Dec 21, 2025 03:12:43.075 [124058883328824] DEBUG - NetworkService: Setting up multicast listener on 0.0.0.0:32413
Dec 21, 2025 03:12:43.075 [124058883328824] DEBUG - NetworkService: Browsing on interface 127.0.0.1 on broadcast address 127.255.255.255 (index: 0)
Dec 21, 2025 03:12:43.075 [124058883328824] DEBUG - NetworkService: Browsing on interface 172.18.0.4 on broadcast address 172.18.255.255 (index: 1)
Dec 21, 2025 03:12:43.075 [124058883328824] DEBUG - NetworkService: Network change for browser (polled=1), closing 0 browse sockets.
Dec 21, 2025 03:12:43.075 [124058883328824] DEBUG - NetworkService: Browsing on interface 127.0.0.1 on broadcast address 127.255.255.255 (index: 0)
Dec 21, 2025 03:12:43.075 [124058883328824] DEBUG - NetworkService: Browsing on interface 172.18.0.4 on broadcast address 172.18.255.255 (index: 1)
Dec 21, 2025 03:12:43.075 [124058883328824] DEBUG - NetworkService: Network change for browser (polled=0), closing 0 browse sockets.
Dec 21, 2025 03:12:43.075 [124058883328824] DEBUG - NetworkService: Setting up multicast listener on 0.0.0.0:1901
Dec 21, 2025 03:12:43.075 [124058883328824] DEBUG - NetworkService: Browsing on interface 172.18.0.4 on broadcast address 239.255.255.250 (index: 0)
Dec 21, 2025 03:12:43.076 [124058879109944] DEBUG - [ChildProcessMonitor] Plex Tuner Service starting.
Dec 21, 2025 03:12:43.076 [124058881219384] DEBUG - [DatabaseFixups] Running fix-ups.
Dec 21, 2025 03:12:43.076 [124058879109944] DEBUG - [ChildProcessMonitor/JobRunner] Job running: "/usr/lib/plexmediaserver/Plex Tuner Service" /usr/lib/plexmediaserver/Resources/Tuner/Private /usr/lib/plexmediaserver/Resources/Tuner/Shared 1.42.2.10156-f737b826c 32600
Dec 21, 2025 03:12:43.076 [124058881219384] DEBUG - [DatabaseFixups/31DatabaseFixupsCleanupRetroGames] Executing fixup
Dec 21, 2025 03:12:43.076 [124058913749816] DEBUG - [HCl#2] HTTP requesting GET https://plex.tv/api/v2/release_channels?X-Plex-Token=
Dec 21, 2025 03:12:43.076 [124058877000504] DEBUG - [HCl#3] HTTP requesting GET https://plex.tv/api/v2/user/privacy?X-Plex-Token=
Dec 21, 2025 03:12:43.076 [124058870672184] DEBUG - [HCl#4] HTTP requesting GET https://plex.tv/api/v2/features?X-Plex-Token=
Dec 21, 2025 03:12:43.077 [124058920962704] DEBUG - Waiting for server condition to be signaled.
Dec 21, 2025 03:12:43.077 [124058866453304] DEBUG - DVR: Starting up.
Dec 21, 2025 03:12:43.077 [124058881219384] DEBUG - [DatabaseFixups/31DatabaseFixupsCleanupRetroGames] Fixup completed
Dec 21, 2025 03:12:43.077 [124058881219384] DEBUG - [DatabaseFixups/39DatabaseFixupsEnsureLibrarySectionUuids] Executing fixup
Dec 21, 2025 03:12:43.077 [124058879109944] DEBUG - [ChildProcessMonitor/JobRunner] Jobs: Starting child process with pid 269
Dec 21, 2025 03:12:43.077 [124058862234424] DEBUG - MyPlex: Sending unclaimed device connections
Dec 21, 2025 03:12:43.077 [124058862234424] DEBUG - [HCl#5] HTTP requesting POST https://plex.tv/devices/dd268c112884cf21776d2496179e93a2f35ab5d9/unclaimed?Connection[][uri]=http://172.18.0.4:32400
Dec 21, 2025 03:12:43.077 [124058881219384] DEBUG - [DatabaseFixups/39DatabaseFixupsEnsureLibrarySectionUuids] Fixup completed
Dec 21, 2025 03:12:43.077 [124058881219384] DEBUG - [DatabaseFixups/38DatabaseFixupsEnsureMetadataItemHashes] Executing fixup
Dec 21, 2025 03:12:43.078 [124058881219384] DEBUG - [DatabaseFixups/38DatabaseFixupsEnsureMetadataItemHashes] Fixup completed
Dec 21, 2025 03:12:43.078 [124058881219384] DEBUG - [DatabaseFixups/39DatabaseFixupsSetDefaultAccountLanguage] Executing fixup
Dec 21, 2025 03:12:43.079 [124058881219384] DEBUG - [DatabaseFixups/39DatabaseFixupsSetDefaultAccountLanguage] Fixup completed
Dec 21, 2025 03:12:43.079 [124058881219384] DEBUG - [DatabaseFixups/52DatabaseFixupsCreateDefaultMediaProcessingTargetTags] Executing fixup
Dec 21, 2025 03:12:43.080 [124058881219384] DEBUG - [DatabaseFixups/52DatabaseFixupsCreateDefaultMediaProcessingTargetTags] Fixup completed
Dec 21, 2025 03:12:43.080 [124058881219384] DEBUG - [DatabaseFixups/43DatabaseFixupsUpdateAutomaticLibraryFolders] Executing fixup
Dec 21, 2025 03:12:43.080 [124058881219384] DEBUG - [DatabaseFixups/43DatabaseFixupsUpdateAutomaticLibraryFolders] Fixup completed
Dec 21, 2025 03:12:43.080 [124058881219384] DEBUG - [DatabaseFixups/29DatabaseFixupsSyncCollections] Executing fixup
Dec 21, 2025 03:12:43.080 [124058881219384] DEBUG - [DatabaseFixups/29DatabaseFixupsSyncCollections] Fixup completed
Dec 21, 2025 03:12:43.080 [124058881219384] DEBUG - [DatabaseFixups/31DatabaseFixupsCleanupActivities] Executing fixup
Dec 21, 2025 03:12:43.081 [124058866453304] DEBUG - Activity: registered new activity aa2d2c88-098c-44a2-bbfd-fc0d45a9505e - "Processing subscriptions"
Dec 21, 2025 03:12:43.083 [124058881219384] DEBUG - [DatabaseFixups/31DatabaseFixupsCleanupActivities] Fixup completed
Dec 21, 2025 03:12:43.083 [124058881219384] DEBUG - [DatabaseFixups/35DatabaseFixupsConsolidatePeopleTags] Executing fixup
Dec 21, 2025 03:12:43.084 [124058881219384] DEBUG - [DatabaseFixups/35DatabaseFixupsConsolidatePeopleTags] Fixup completed
Dec 21, 2025 03:12:43.084 [124058881219384] DEBUG - [DatabaseFixups/54DatabaseFixupsGarbageCollectTransientMetadataRelations] Executing fixup
Dec 21, 2025 03:12:43.084 [124058881219384] DEBUG - [DatabaseFixups/54DatabaseFixupsGarbageCollectTransientMetadataRelations] Fixup completed
Dec 21, 2025 03:12:43.084 [124058881219384] DEBUG - [DatabaseFixups/48DatabaseFixupsResetCorruptedMetadataItemClusters] Executing fixup
Dec 21, 2025 03:12:43.085 [124058881219384] DEBUG - [DatabaseFixups/48DatabaseFixupsResetCorruptedMetadataItemClusters] Fixup completed
Dec 21, 2025 03:12:43.085 [124058881219384] DEBUG - [DatabaseFixups] Running database fix-ups completed in 0.0 seconds.
Dec 21, 2025 03:12:43.089 [124058889657144] DEBUG - [HttpClient/HCl#1] HTTP/1.1 (0.0s) 200 response from GET http://127.0.0.1:38747/system/agents
Dec 21, 2025 03:12:43.089 [124058896436024] DEBUG - [com.plexapp.system] HTTP reply status 200, with 8986 bytes of content.
Dec 21, 2025 03:12:43.093 [124058896436024] DEBUG - The system knows about 12 agents.
Dec 21, 2025 03:12:43.093 [124058849422136] DEBUG - Starting plug-in /usr/lib/plexmediaserver/Resources/Plug-ins-f737b826c/MoviePosterDB.bundle.
Dec 21, 2025 03:12:43.093 [124058847312696] DEBUG - Starting plug-in /usr/lib/plexmediaserver/Resources/Plug-ins-f737b826c/LastFM.bundle.
Dec 21, 2025 03:12:43.093 [124058845203256] DEBUG - Starting plug-in /usr/lib/plexmediaserver/Resources/Plug-ins-f737b826c/LyricFind.bundle.
Dec 21, 2025 03:12:43.094 [124058896436024] DEBUG - Waiting for 16 plug-ins to finish starting.
Dec 21, 2025 03:12:43.095 [124058849422136] DEBUG - Perfect cache hit, we don't need to start [com.plexapp.agents.movieposterdb] yet.
Dec 21, 2025 03:12:43.095 [124058849422136] DEBUG - Starting plug-in /usr/lib/plexmediaserver/Resources/Plug-ins-f737b826c/Media-Flags.bundle.
Dec 21, 2025 03:12:43.095 [124058845203256] DEBUG - Perfect cache hit, we don't need to start [com.plexapp.agents.lyricfind] yet.
Dec 21, 2025 03:12:43.095 [124058845203256] DEBUG - Starting plug-in /usr/lib/plexmediaserver/Resources/Plug-ins-f737b826c/LocalMedia.bundle.
Dec 21, 2025 03:12:43.096 [124058847312696] DEBUG - Perfect cache hit, we don't need to start [com.plexapp.agents.lastfm] yet.
Dec 21, 2025 03:12:43.096 [124058847312696] DEBUG - Starting plug-in /usr/lib/plexmediaserver/Resources/Plug-ins-f737b826c/HTbackdrops.bundle.
Dec 21, 2025 03:12:43.096 [124058849422136] DEBUG - Starting plug-in /usr/lib/plexmediaserver/Resources/Plug-ins-f737b826c/PlexMovie.bundle.
Dec 21, 2025 03:12:43.097 [124058845203256] DEBUG - Perfect cache hit, we don't need to start [com.plexapp.agents.localmedia] yet.
Dec 21, 2025 03:12:43.097 [124058845203256] DEBUG - Starting plug-in /usr/lib/plexmediaserver/Resources/Plug-ins-f737b826c/Framework.bundle.
Dec 21, 2025 03:12:43.097 [124058847312696] DEBUG - Perfect cache hit, we don't need to start [com.plexapp.agents.htbackdrops] yet.
Dec 21, 2025 03:12:43.098 [124058847312696] DEBUG - Starting plug-in /usr/lib/plexmediaserver/Resources/Plug-ins-f737b826c/Fanart-TV.bundle.
Dec 21, 2025 03:12:43.099 [124058845203256] DEBUG - Starting plug-in /usr/lib/plexmediaserver/Resources/Plug-ins-f737b826c/TheTVDB.bundle.
Dec 21, 2025 03:12:43.099 [124058847312696] DEBUG - Perfect cache hit, we don't need to start [com.plexapp.agents.fanarttv] yet.
Dec 21, 2025 03:12:43.099 [124058847312696] DEBUG - Starting plug-in /usr/lib/plexmediaserver/Resources/Plug-ins-f737b826c/PlexThemeMusic.bundle.
Dec 21, 2025 03:12:43.099 [124058849422136] DEBUG - Perfect cache hit, we don't need to start [com.plexapp.agents.imdb] yet.
Dec 21, 2025 03:12:43.099 [124058849422136] DEBUG - Starting plug-in /usr/lib/plexmediaserver/Resources/Plug-ins-f737b826c/PersonalMedia.bundle.
Dec 21, 2025 03:12:43.101 [124058845203256] DEBUG - Perfect cache hit, we don't need to start [com.plexapp.agents.thetvdb] yet.
Dec 21, 2025 03:12:43.101 [124058845203256] DEBUG - Starting plug-in /usr/lib/plexmediaserver/Resources/Plug-ins-f737b826c/WebClient.bundle.
Dec 21, 2025 03:12:43.101 [124058849422136] DEBUG - Perfect cache hit, we don't need to start [com.plexapp.agents.none] yet.
Dec 21, 2025 03:12:43.101 [124058847312696] DEBUG - Perfect cache hit, we don't need to start [com.plexapp.agents.plexthememusic] yet.
Dec 21, 2025 03:12:43.101 [124058849422136] DEBUG - Starting plug-in /usr/lib/plexmediaserver/Resources/Plug-ins-f737b826c/TheMovieDB.bundle.
Dec 21, 2025 03:12:43.101 [124058847312696] DEBUG - Starting plug-in /usr/lib/plexmediaserver/Resources/Plug-ins-f737b826c/Scanners.bundle.
Dec 21, 2025 03:12:43.102 [124058847312696] DEBUG - Starting plug-in /usr/lib/plexmediaserver/Resources/Plug-ins-f737b826c/Musicbrainz.bundle.
Dec 21, 2025 03:12:43.103 [124058849422136] DEBUG - Perfect cache hit, we don't need to start [com.plexapp.agents.themoviedb] yet.
Dec 21, 2025 03:12:43.103 [124058847312696] DEBUG - Perfect cache hit, we don't need to start [org.musicbrainz.agents.music] yet.
Dec 21, 2025 03:12:43.104 [124058896436024] DEBUG - Starting scheduled updates, every 3600 seconds
Dec 21, 2025 03:12:43.104 [124058896436024] INFO - LibraryUpdateManager path watching is disabled
Dec 21, 2025 03:12:43.104 [124058896436024] DEBUG - Done waiting for all plug-ins to start.
Dec 21, 2025 03:12:43.104 [124058896436024] DEBUG - PluginRepository::setStartState: 3, complete
Dec 21, 2025 03:12:43.105 [124058836601656] DEBUG - Downloading document http://127.0.0.1:32400/:/plugins/com.plexapp.agents.imdb/prefs
Dec 21, 2025 03:12:43.105 [124058836601656] DEBUG - Translator: Found locale af
Dec 21, 2025 03:12:43.105 [124058836601656] DEBUG - Translator: Found locale hu_HU
Dec 21, 2025 03:12:43.105 [124058836601656] DEBUG - Translator: Found locale it
Dec 21, 2025 03:12:43.105 [124058836601656] DEBUG - Translator: Found locale ar
Dec 21, 2025 03:12:43.105 [124058836601656] DEBUG - Translator: Found locale hr_HR
Dec 21, 2025 03:12:43.105 [124058836601656] DEBUG - Translator: Found locale et_EE
Dec 21, 2025 03:12:43.105 [124058836601656] DEBUG - Translator: Found locale ro
Dec 21, 2025 03:12:43.105 [124058836601656] DEBUG - Translator: Found locale pt_BR
Dec 21, 2025 03:12:43.105 [124058836601656] DEBUG - Translator: Found locale ru
Dec 21, 2025 03:12:43.105 [124058836601656] DEBUG - Translator: Found locale uk
Dec 21, 2025 03:12:43.105 [124058836601656] DEBUG - Translator: Found locale sk
Dec 21, 2025 03:12:43.105 [124058836601656] DEBUG - Translator: Found locale lt
Dec 21, 2025 03:12:43.105 [124058836601656] DEBUG - Translator: Found locale fr
Dec 21, 2025 03:12:43.105 [124058836601656] DEBUG - Translator: Found locale pt
Dec 21, 2025 03:12:43.105 [124058836601656] DEBUG - Translator: Found locale no
Dec 21, 2025 03:12:43.105 [124058836601656] DEBUG - Translator: Found locale nl
Dec 21, 2025 03:12:43.105 [124058836601656] DEBUG - Translator: Found locale de
Dec 21, 2025 03:12:43.105 [124058836601656] DEBUG - Translator: Found locale ja_JP
Dec 21, 2025 03:12:43.105 [124058836601656] DEBUG - Translator: Found locale es
Dec 21, 2025 03:12:43.105 [124058836601656] DEBUG - Translator: Found locale ko
Dec 21, 2025 03:12:43.105 [124058836601656] DEBUG - Translator: Found locale nl_BE
Dec 21, 2025 03:12:43.105 [124058836601656] DEBUG - Translator: Found locale fi
Dec 21, 2025 03:12:43.105 [124058836601656] DEBUG - Translator: Found locale sv
Dec 21, 2025 03:12:43.105 [124058836601656] DEBUG - Translator: Found locale pl
Dec 21, 2025 03:12:43.105 [124058836601656] DEBUG - Translator: Found locale en
Dec 21, 2025 03:12:43.105 [124058836601656] DEBUG - Translator: Found locale cs_CZ
Dec 21, 2025 03:12:43.105 [124058836601656] DEBUG - Translator: Found locale da
Dec 21, 2025 03:12:43.105 [124058836601656] DEBUG - Translator: Found locale zh_CN
Dec 21, 2025 03:12:43.105 [124058836601656] DEBUG - Translator: Found locale he
Dec 21, 2025 03:12:43.105 [124058836601656] DEBUG - Translator: Found locale hu
Dec 21, 2025 03:12:43.105 [124058836601656] DEBUG - Translator: Found locale sl
Dec 21, 2025 03:12:43.105 [124058836601656] DEBUG - Translator: Found locale sr
Dec 21, 2025 03:12:43.110 [124058836601656] DEBUG - [Req#d] Starting file watcher for com.plexapp.agents.imdb
Dec 21, 2025 03:12:43.110 [124058836601656] DEBUG - [Req#d] Plugin: setting environment variable: 'PYTHONHOME=/usr/lib/plexmediaserver/Resources/Python'
Dec 21, 2025 03:12:43.110 [124058836601656] DEBUG - [Req#d] Plugin: setting environment variable: 'PYTHONPATH=/usr/lib/plexmediaserver/Resources/Python/python27.zip:/usr/lib/plexmediaserver/Resources/Python/lib/python2.7/site-packages'
Dec 21, 2025 03:12:43.112 [124058836601656] DEBUG - [Req#d] Spawned plug-in com.plexapp.agents.imdb with PID 302
Dec 21, 2025 03:12:43.112 [124058836601656] DEBUG - [Req#d] [com.plexapp.agents.imdb] Sending command: GET /:/prefixes
Dec 21, 2025 03:12:43.243 [124058866453304] DEBUG - [JobRunner] Job running: /usr/lib/plexmediaserver/CrashUploader "--directory=/config/Library/Application Support/Plex Media Server/Crash Reports/1.42.2.10156-f737b826c" --version=1.42.2.10156-f737b826c --platform=Linux --platformVersion=6.6.87.2-microsoft-standard-WSL2 --serverUuid=dd268c112884cf21776d2496179e93a2f35ab5d9 --userId=NOUSERID --sentryUrl=https://o17675.ingest.sentry.io/api/1233455/ --sentryKey=xxxxxxxxxxxxxxxxxxxxxxxxxxxxxxxx --vendor=Docker --model=x86_64 "--device=Docker Container (LinuxServer.io)"
Dec 21, 2025 03:12:43.243 [124058866453304] DEBUG - [JobRunner] Jobs: Starting child process with pid 303
Dec 21, 2025 03:12:43.281 [124058916219704] DEBUG - Jobs: '/usr/lib/plexmediaserver/CrashUploader' exit code for process 303 is 0 (success)
Dec 21, 2025 03:12:43.365 [124058889657144] DEBUG - [HttpClient/HCl#5] HTTP/1.1 (0.3s) 200 response from POST https://plex.tv/devices/dd268c112884cf21776d2496179e93a2f35ab5d9/unclaimed?Connection[][uri]=http://172.18.0.4:32400
Dec 21, 2025 03:12:43.371 [124058889657144] DEBUG - [HttpClient/HCl#4] HTTP/1.1 (0.3s) 200 response from GET https://plex.tv/api/v2/features?X-Plex-Token=
Dec 21, 2025 03:12:43.376 [124058889657144] DEBUG - [HttpClient/HCl#2] HTTP/1.1 (0.3s) 200 response from GET https://plex.tv/api/v2/release_channels?X-Plex-Token=
Dec 21, 2025 03:12:43.378 [124058870672184] DEBUG - [HCl#6] HTTP requesting GET https://plex.tv/api/v2/server/users/features
Dec 21, 2025 03:12:43.388 [124058889657144] DEBUG - [HttpClient/HCl#3] HTTP/1.1 (0.3s) 200 response from GET https://plex.tv/api/v2/user/privacy?X-Plex-Token=
Dec 21, 2025 03:12:43.468 [124058889657144] DEBUG - [HttpClient/HCl#6] HTTP/1.1 (0.1s) 401 response from GET https://plex.tv/api/v2/server/users/features (reused)
Dec 21, 2025 03:12:43.468 [124058851613496] ERROR - MyPlex: Error 401 requesting JSON from: https://plex.tv/api/v2/server/users/features
Dec 21, 2025 03:12:43.468 [124058870672184] WARN - FeatureManager: Couldn't get features. Trying again soon.
Dec 21, 2025 03:12:43.529 [124058892127032] DEBUG - Request: [127.0.0.1:60624 (Loopback)] GET /system/messaging/clear_events/com.plexapp.agents.imdb (3 live) #9 GZIP Token ()
Dec 21, 2025 03:12:43.529 [124058892127032] DEBUG - [Req#9] [com.plexapp.system] Sending command over HTTP (GET): /system/messaging/clear_events/com.plexapp.agents.imdb
Dec 21, 2025 03:12:43.529 [124058892127032] DEBUG - [Req#9/HCl#7] HTTP requesting GET http://127.0.0.1:38747/system/messaging/clear_events/com.plexapp.agents.imdb
Dec 21, 2025 03:12:43.537 [124058889657144] DEBUG - [HttpClient/HCl#7] HTTP/1.1 (0.0s) 200 response from GET http://127.0.0.1:38747/system/messaging/clear_events/com.plexapp.agents.imdb
Dec 21, 2025 03:12:43.537 [124058892127032] DEBUG - [Req#9] [com.plexapp.system] HTTP reply status 200, with 0 bytes of content.
Dec 21, 2025 03:12:43.537 [124058906016568] DEBUG - Completed: [127.0.0.1:60624] 200 GET /system/messaging/clear_events/com.plexapp.agents.imdb (3 live) #9 GZIP 8ms 280 bytes
Dec 21, 2025 03:12:43.573 [124058892127032] DEBUG - Request: [127.0.0.1:60628 (Loopback)] GET /:/plugins/com.plexapp.system/resourceHashes (3 live) #e GZIP Token ()
Dec 21, 2025 03:12:43.573 [124058892127032] DEBUG - [Req#e] [com.plexapp.system] Sending command over HTTP (GET): /:/plugins/com.plexapp.system/resourceHashes
Dec 21, 2025 03:12:43.573 [124058892127032] DEBUG - [Req#e/HCl#8] HTTP requesting GET http://127.0.0.1:38747/:/plugins/com.plexapp.system/resourceHashes
Dec 21, 2025 03:12:44.089 [124058889657144] DEBUG - [HttpClient/HCl#8] HTTP/1.1 (0.5s) 404 response from GET http://127.0.0.1:38747/:/plugins/com.plexapp.system/resourceHashes
Dec 21, 2025 03:12:44.089 [124058892127032] DEBUG - [Req#e] [com.plexapp.system] HTTP reply status 404, with 0 bytes of content.
Dec 21, 2025 03:12:44.089 [124058906016568] DEBUG - Completed: [127.0.0.1:60628] 404 GET /:/plugins/com.plexapp.system/resourceHashes (3 live) #e GZIP 516ms 261 bytes
Dec 21, 2025 03:12:44.122 [124058892127032] DEBUG - Request: [127.0.0.1:60640 (Loopback)] GET / (3 live) #10 GZIP Token ()
Dec 21, 2025 03:12:44.122 [124058858015544] DEBUG - Request: [127.0.0.1:60650 (Loopback)] GET /:/plugins/com.plexapp.system/messaging/function/X0J1bmRsZVNlcnZpY2U6QWxsU2VydmljZXM_/Y2VyZWFsMQoxCmxpc3QKMApyMAo_/Y2VyZWFsMQoxCmRpY3QKMApyMAo_ (4 live) #12 GZIP Token ()
Dec 21, 2025 03:12:44.122 [124058903907128] DEBUG - Completed: [127.0.0.1:60640] 200 GET / (4 live) #10 GZIP 0ms 2601 bytes
Dec 21, 2025 03:12:44.122 [124058858015544] DEBUG - [Req#12] [com.plexapp.system] Sending command over HTTP (GET): /:/plugins/com.plexapp.system/messaging/function/X0J1bmRsZVNlcnZpY2U6QWxsU2VydmljZXM_/Y2VyZWFsMQoxCmxpc3QKMApyMAo_/Y2VyZWFsMQoxCmRpY3QKMApyMAo_
Dec 21, 2025 03:12:44.122 [124058858015544] DEBUG - [Req#12/HCl#9] HTTP requesting GET http://127.0.0.1:38747/:/plugins/com.plexapp.system/messaging/function/X0J1bmRsZVNlcnZpY2U6QWxsU2VydmljZXM_/Y2VyZWFsMQoxCmxpc3QKMApyMAo_/Y2VyZWFsMQoxCmRpY3QKMApyMAo_
Dec 21, 2025 03:12:44.125 [124058889657144] DEBUG - [HttpClient/HCl#9] HTTP/1.1 (0.0s) 200 response from GET http://127.0.0.1:38747/:/plugins/com.plexapp.system/messaging/function/X0J1bmRsZVNlcnZpY2U6QWxsU2VydmljZXM_/Y2VyZWFsMQoxCmxpc3QKMApyMAo_/Y2VyZWFsMQoxCmRpY3QKMApyMAo_
Dec 21, 2025 03:12:44.125 [124058858015544] DEBUG - [Req#12] [com.plexapp.system] HTTP reply status 200, with 516 bytes of content.
Dec 21, 2025 03:12:44.125 [124058903907128] DEBUG - Completed: [127.0.0.1:60650] 200 GET /:/plugins/com.plexapp.system/messaging/function/X0J1bmRsZVNlcnZpY2U6QWxsU2VydmljZXM_/Y2VyZWFsMQoxCmxpc3QKMApyMAo_/Y2VyZWFsMQoxCmRpY3QKMApyMAo_ (3 live) #12 GZIP 3ms 746 bytes
Dec 21, 2025 03:12:44.337 [124058892127032] DEBUG - Request: [127.0.0.1:60664 (Loopback)] GET /:/plugins/com.plexapp.system/messaging/function/X0FnZW50U2VydmljZTpVcGRhdGVJbmZv/Y2VyZWFsMQoxCmxpc3QKMApyMAo_/Y2VyZWFsMQo3CmRpY3QKbGlzdApkaWN0Cmxpc3QKbGlzdApsaXN0Cmxpc3QKMgpzMjMKY29tLnBsZXhhcHAuYWdlbnRzLmltZGJzMTAKaWRlbnRpZmllcnIxCnMxMAphZ2VudF9pbmZvMQpyMgoxMApyMwpzMTEKbWVkaWFfdHlwZXNyNApzMTIKYWNjZXB0c19mcm9tbnMxNApmYWxsYmFja19hZ2VudHI1CnMxNApjb250cmlidXRlc190b3I2CnM5Cmxhbmd1YWdlc2IxczIwCnBlcnNpc3Rfc3RvcmVkX2ZpbGVzaTAKczcKdmVyc2lvbmIxczE2CnByaW1hcnlfcHJvdmlkZXJiMXM1CnByZWZzczE5ClBsZXggTW92aWUgKExlZ2FjeSlzNApuYW1lMQpzNQpNb3ZpZTEKczI5CmNvbS5wbGV4YXBwLmFnZW50cy5sb2NhbG1lZGlhMQpzMjkKY29tLnBsZXhhcHAuYWdlbnRzLnRoZW1vdmllZGIzMwpzMgplbnMyCnN2czIKZnJzMgplc3MyCm5sczIKZGVzMgppdHMyCmRhczIKYXJzMgpjYXMyCnpoczIKY3NzMgpldHMyCmZpczIKZWxzMgpoZXMyCmhpczIKaHVzMgppZHMyCmphczIKa29zMgpsdnMyCm5vczIKZmFzMgpwbHMyCnB0czIKcm9zMgpydXMyCnNrczIKdGhzMgp0cnMyCnVrczIKdmlyMAo_ (3 live) #13 GZIP Token ()
Dec 21, 2025 03:12:44.337 [124058892127032] DEBUG - [Req#13] [com.plexapp.system] Sending command over HTTP (GET): /:/plugins/com.plexapp.system/messaging/function/X0FnZW50U2VydmljZTpVcGRhdGVJbmZv/Y2VyZWFsMQoxCmxpc3QKMApyMAo_/Y2VyZWFsMQo3CmRpY3QKbGlzdApkaWN0Cmxpc3QKbGlzdApsaXN0Cmxpc3QKMgpzMjMKY29tLnBsZXhhcHAuYWdlbnRzLmltZGJzMTAKaWRlbnRpZmllcnIxCnMxMAphZ2VudF9pbmZvMQpyMgoxMApyMwpzMTEKbWVkaWFfdHlwZXNyNApzMTIKYWNjZXB0c19mcm9tbnMxNApmYWxsYmFja19hZ2VudHI1CnMxNApjb250cmlidXRlc190b3I2CnM5Cmxhbmd1YWdlc2IxczIwCnBlcnNpc3Rfc3RvcmVkX2ZpbGVzaTAKczcKdmVyc2lvbmIxczE2CnByaW1hcnlfcHJvdmlkZXJiMXM1CnByZWZzczE5ClBsZXggTW92aWUgKExlZ2FjeSlzNApuYW1lMQpzNQpNb3ZpZTEKczI5CmNvbS5wbGV4YXBwLmFnZW50cy5sb2NhbG1lZGlhMQpzMjkKY29tLnBsZXhhcHAuYWdlbnRzLnRoZW1vdmllZGIzMwpzMgplbnMyCnN2czIKZnJzMgplc3MyCm5sczIKZGVzMgppdHMyCmRhczIKYXJzMgpjYXMyCnpoczIKY3NzMgpldHMyCmZpczIKZWxzMgpoZXMyCmhpczIKaHVzMgppZHMyCmphczIKa29zMgpsdnMyCm5vczIKZmFzMgpwbHMyCnB0czIKcm9zMgpydXMyCnNrczIKdGhzMgp0cnMyCnVrczIKdmlyMAo_
Dec 21, 2025 03:12:44.337 [124058892127032] DEBUG - [Req#13/HCl#a] HTTP requesting GET http://127.0.0.1:38747/:/plugins/com.plexapp.system/messaging/function/X0FnZW50U2VydmljZTpVcGRhdGVJbmZv/Y2VyZWFsMQoxCmxpc3QKMApyMAo_/Y2VyZWFsMQo3CmRpY3QKbGlzdApkaWN0Cmxpc3QKbGlzdApsaXN0Cmxpc3QKMgpzMjMKY29tLnBsZXhhcHAuYWdlbnRzLmltZGJzMTAKaWRlbnRpZmllcnIxCnMxMAphZ2VudF9pbmZvMQpyMgoxMApyMwpzMTEKbWVkaWFfdHlwZXNyNApzMTIKYWNjZXB0c19mcm9tbnMxNApmYWxsYmFja19hZ2VudHI1CnMxNApjb250cmlidXRlc190b3I2CnM5Cmxhbmd1YWdlc2IxczIwCnBlcnNpc3Rfc3RvcmVkX2ZpbGVzaTAKczcKdmVyc2lvbmIxczE2CnByaW1hcnlfcHJvdmlkZXJiMXM1CnByZWZzczE5ClBsZXggTW92aWUgKExlZ2FjeSlzNApuYW1lMQpzNQpNb3ZpZTEKczI5CmNvbS5wbGV4YXBwLmFnZW50cy5sb2NhbG1lZGlhMQpzMjkKY29tLnBsZXhhcHAuYWdlbnRzLnRoZW1vdmllZGIzMwpzMgplbnMyCnN2czIKZnJzMgplc3MyCm5sczIKZGVzMgppdHMyCmRhczIKYXJzMgpjYXMyCnpoczIKY3NzMgpldHMyCmZpczIKZWxzMgpoZXMyCmhpczIKaHVzMgppZHMyCmphczIKa29zMgpsdnMyCm5vczIKZmFzMgpwbHMyCnB0czIKcm9zMgpydXMyCnNrczIKdGhzMgp0cnMyCnVrczIKdmlyMAo_
Dec 21, 2025 03:12:44.341 [124058889657144] DEBUG - [HttpClient/HCl#a] HTTP/1.1 (0.0s) 200 response from GET http://127.0.0.1:38747/:/plugins/com.plexapp.system/messaging/function/X0FnZW50U2VydmljZTpVcGRhdGVJbmZv/Y2VyZWFsMQoxCmxpc3QKMApyMAo_/Y2VyZWFsMQo3CmRpY3QKbGlzdApkaWN0Cmxpc3QKbGlzdApsaXN0Cmxpc3QKMgpzMjMKY29tLnBsZXhhcHAuYWdlbnRzLmltZGJzMTAKaWRlbnRpZmllcnIxCnMxMAphZ2VudF9pbmZvMQpyMgoxMApyMwpzMTEKbWVkaWFfdHlwZXNyNApzMTIKYWNjZXB0c19mcm9tbnMxNApmYWxsYmFja19hZ2VudHI1CnMxNApjb250cmlidXRlc190b3I2CnM5Cmxhbmd1YWdlc2IxczIwCnBlcnNpc3Rfc3RvcmVkX2ZpbGVzaTAKczcKdmVyc2lvbmIxczE2CnByaW1hcnlfcHJvdmlkZXJiMXM1CnByZWZzczE5ClBsZXggTW92aWUgKExlZ2FjeSlzNApuYW1lMQpzNQpNb3ZpZTEKczI5CmNvbS5wbGV4YXBwLmFnZW50cy5sb2NhbG1lZGlhMQpzMjkKY29tLnBsZXhhcHAuYWdlbnRzLnRoZW1vdmllZGIzMwpzMgplbnMyCnN2czIKZnJzMgplc3MyCm5sczIKZGVzMgppdHMyCmRhczIKYXJzMgpjYXMyCnpoczIKY3NzMgpldHMyCmZpczIKZWxzMgpoZXMyCmhpczIKaHVzMgppZHMyCmphczIKa29zMgpsdnMyCm5vczIKZmFzMgpwbHMyCnB0czIKcm9zMgpydXMyCnNrczIKdGhzMgp0cnMyCnVrczIKdmlyMAo_
Dec 21, 2025 03:12:44.341 [124058892127032] DEBUG - [Req#13] [com.plexapp.system] HTTP reply status 200, with 16 bytes of content.
Dec 21, 2025 03:12:44.341 [124058906016568] DEBUG - Completed: [127.0.0.1:60664] 200 GET /:/plugins/com.plexapp.system/messaging/function/X0FnZW50U2VydmljZTpVcGRhdGVJbmZv/Y2VyZWFsMQoxCmxpc3QKMApyMAo_/Y2VyZWFsMQo3CmRpY3QKbGlzdApkaWN0Cmxpc3QKbGlzdApsaXN0Cmxpc3QKMgpzMjMKY29tLnBsZXhhcHAuYWdlbnRzLmltZGJzMTAKaWRlbnRpZmllcnIxCnMxMAphZ2VudF9pbmZvMQpyMgoxMApyMwpzMTEKbWVkaWFfdHlwZXNyNApzMTIKYWNjZXB0c19mcm9tbnMxNApmYWxsYmFja19hZ2VudHI1CnMxNApjb250cmlidXRlc190b3I2CnM5Cmxhbmd1YWdlc2IxczIwCnBlcnNpc3Rfc3RvcmVkX2ZpbGVzaTAKczcKdmVyc2lvbmIxczE2CnByaW1hcnlfcHJvdmlkZXJiMXM1CnByZWZzczE5ClBsZXggTW92aWUgKExlZ2FjeSlzNApuYW1lMQpzNQpNb3ZpZTEKczI5CmNvbS5wbGV4YXBwLmFnZW50cy5sb2NhbG1lZGlhMQpzMjkKY29tLnBsZXhhcHAuYWdlbnRzLnRoZW1vdmllZGIzMwpzMgplbnMyCnN2czIKZnJzMgplc3MyCm5sczIKZGVzMgppdHMyCmRhczIKYXJzMgpjYXMyCnpoczIKY3NzMgpldHMyCmZpczIKZWxzMgpoZXMyCmhpczIKaHVzMgppZHMyCmphczIKa29zMgpsdnMyCm5vczIKZmFzMgpwbHMyCnB0czIKcm9zMgpydXMyCnNrczIKdGhzMgp0cnMyCnVrczIKdmlyMAo_ (3 live) #13 GZIP 3ms 415 bytes
Dec 21, 2025 03:12:44.347 [124058836601656] DEBUG - [Req#d] Reading 148 bytes in the body, code is 200
Dec 21, 2025 03:12:44.347 [124058836601656] DEBUG - [Req#d] [com.plexapp.agents.imdb] Plug-in running on port 33299.
Dec 21, 2025 03:12:44.347 [124058836601656] DEBUG - [Req#d] Read configuration for [com.plexapp.agents.imdb], had 0 prefixes
Dec 21, 2025 03:12:44.348 [124058836601656] DEBUG - [Req#d] [com.plexapp.agents.imdb] Sending command over HTTP (GET): /:/plugins/com.plexapp.agents.imdb/prefs
Dec 21, 2025 03:12:44.348 [124058836601656] DEBUG - [Req#d/HCl#b] HTTP requesting GET http://127.0.0.1:33299/:/plugins/com.plexapp.agents.imdb/prefs
Dec 21, 2025 03:12:44.439 [124058889657144] DEBUG - [HttpClient/HCl#b] HTTP/1.1 (0.1s) 200 response from GET http://127.0.0.1:33299/:/plugins/com.plexapp.agents.imdb/prefs
Dec 21, 2025 03:12:44.439 [124058836601656] DEBUG - [Req#d] [com.plexapp.agents.imdb] HTTP reply status 200, with 2224 bytes of content.
Dec 21, 2025 03:12:44.440 [124058836601656] DEBUG - Caching document http://127.0.0.1:32400/:/plugins/com.plexapp.agents.imdb/prefs as fb12546c88f860ccf132b89a35c9e0f256686266
Dec 21, 2025 03:12:44.440 [124058836601656] DEBUG - IVA: Downloading trailer lists.
Dec 21, 2025 03:12:44.557 [124058836601656] DEBUG - IVA: Downloaded 52 trailers for source 1.
Dec 21, 2025 03:12:44.593 [124058836601656] DEBUG - IVA: Downloaded 28 trailers for source 2.
Dec 21, 2025 03:12:46.079 [124058838711096] DEBUG - [MediaProviderManager] Refreshing media providers
Dec 21, 2025 03:12:46.249 [124058838711096] DEBUG - [MediaProviderManager] we had 0 cloud providers online, we now have 1
Dec 21, 2025 03:12:46.249 [124058838711096] DEBUG - [MediaProviderManager] cloud provider (Metadata) is online and available
Dec 21, 2025 03:12:46.252 [124058838711096] DEBUG - [MediaProviderManager/MetadataAgentManager] Found media provider for agent provider 'tv.plex.agents.movie' with source URI 'provider://tv.plex.provider.metadata'
Dec 21, 2025 03:12:46.254 [124058838711096] DEBUG - [MediaProviderManager/MetadataAgentManager] Found media provider for agent provider 'tv.plex.agents.series' with source URI 'provider://tv.plex.provider.metadata'
Dec 21, 2025 03:12:46.256 [124058838711096] DEBUG - [MediaProviderManager/MetadataAgentManager] Found media provider for agent provider 'tv.plex.agents.music' with source URI 'provider://tv.plex.provider.metadata'
Dec 21, 2025 03:12:46.257 [124058838711096] DEBUG - [MediaProviderManager/MetadataAgentManager] Found media provider for agent provider 'org.musicbrainz.agents.music' with source URI 'provider://tv.plex.provider.metadata'
Dec 21, 2025 03:12:46.257 [124058838711096] DEBUG - [MediaProviderManager] Media provider refresh complete
Dec 21, 2025 03:12:48.076 [124058883328824] DEBUG - [NSB] NetworkServiceBrowser: SERVER arrived: 127.0.0.1 (9722d71cd01f)
Dec 21, 2025 03:12:48.076 [124058883328824] DEBUG - [NSB] Notifying the system bundle an update to server /system/notify/serverUpdated?host=127.0.0.1
Dec 21, 2025 03:12:48.076 [124058883328824] DEBUG - [NSB] [com.plexapp.system] Sending command over HTTP (GET): /system/notify/serverUpdated?host=127.0.0.1
Dec 21, 2025 03:12:48.076 [124058883328824] DEBUG - [NSB/HCl#13] HTTP requesting GET http://127.0.0.1:38747/system/notify/serverUpdated?host=127.0.0.1
Dec 21, 2025 03:12:48.099 [124058858015544] DEBUG - Request: [127.0.0.1:51834 (Loopback)] GET /servers (3 live) #16 GZIP Token ()
Dec 21, 2025 03:12:48.099 [124058906016568] DEBUG - Completed: [127.0.0.1:51834] 200 GET /servers (3 live) #16 GZIP 0ms 492 bytes
Dec 21, 2025 03:12:48.106 [124058889657144] DEBUG - [HttpClient/HCl#13] HTTP/1.1 (0.0s) 200 response from GET http://127.0.0.1:38747/system/notify/serverUpdated?host=127.0.0.1
Dec 21, 2025 03:12:48.106 [124058883328824] DEBUG - [NSB] [com.plexapp.system] HTTP reply status 200, with 0 bytes of content.
Dec 21, 2025 03:12:52.092 [124058862234424] DEBUG - DVR:Device: Discovering and refreshing all devices.
Dec 21, 2025 03:12:52.093 [124058862234424] DEBUG - Grabber: HDHomerun discovered 0 compatible devices.
Dec 21, 2025 03:12:52.094 [124058862234424] DEBUG - [HCl#14] HTTP requesting POST http://127.0.0.1:32600/devices/discover
Dec 21, 2025 03:12:53.084 [124058913749816] DEBUG - Grabber: Cleaning up orphaned grabs.
Dec 21, 2025 03:12:53.087 [124058913749816] DEBUG - Grabber: Cleaned up 0 decrepit directories in 0.0 sec.
Dec 21, 2025 03:12:53.094 [124058913749816] DEBUG - Activity: registered new activity 170518a8-ad74-4eb1-88e7-db872d8a61eb - "Processing subscriptions"
Dec 21, 2025 03:12:53.094 [124058913749816] DEBUG - Subscription: Scheduling subscriptions.
Dec 21, 2025 03:12:53.103 [124058913749816] DEBUG - Subscription: Initialized 0 schedulers.
Dec 21, 2025 03:12:53.103 [124058913749816] DEBUG - Subscription: Starting with 0 grabs, scheduled 0 active ones preemptively.
Dec 21, 2025 03:12:53.103 [124058913749816] DEBUG - Subscription: Scheduled all subscriptions in 9 ms.
Dec 21, 2025 03:12:53.109 [124058913749816] DEBUG - Activity: Ended activity 170518a8-ad74-4eb1-88e7-db872d8a61eb.
Dec 21, 2025 03:12:53.113 [124058913749816] DEBUG - Subscription: There are 0 active grabs at the end.
Dec 21, 2025 03:12:53.117 [124058913749816] DEBUG - Activity: Ended activity aa2d2c88-098c-44a2-bbfd-fc0d45a9505e.
Dec 21, 2025 03:12:53.124 [124058913749816] DEBUG - Subscription: Refreshed all content in 42 ms.
Dec 21, 2025 03:12:54.520 [124058889657144] DEBUG - [HttpClient/HCl#14] HTTP/1.1 (2.4s) 200 response from POST http://127.0.0.1:32600/devices/discover
Dec 21, 2025 03:14:41.278 [124058892184376] DEBUG - BPQ: [Starting] -> [Processing]
Dec 21, 2025 03:14:41.280 [124058892184376] DEBUG - BPQ: generating queue items from 0 generator(s)
Dec 21, 2025 03:14:41.280 [124058892184376] DEBUG - BPQ: generated 0 item(s) for queue
Dec 21, 2025 03:14:41.282 [124058892184376] DEBUG - BPQ: [Processing] -> [Idle]
Dec 21, 2025 03:14:43.042 [124058858015544] DEBUG - Request: [127.0.0.1:49988 (Loopback)] GET /servers (2 live) #1b GZIP Token ()
Dec 21, 2025 03:14:43.042 [124058903907128] DEBUG - Completed: [127.0.0.1:49988] 200 GET /servers (2 live) #1b GZIP 0ms 492 bytes
Dec 21, 2025 03:14:43.065 [124058858015544] DEBUG - Request: [127.0.0.1:49996 (Loopback)] GET / (2 live) #1e GZIP Token ()
Dec 21, 2025 03:14:43.066 [124058903907128] DEBUG - Completed: [127.0.0.1:49996] 200 GET / (2 live) #1e GZIP 0ms 2601 bytes
Dec 21, 2025 03:14:43.078 [124058858015544] DEBUG - Request: [127.0.0.1:50002 (Loopback)] GET /library/sections (2 live) #20 GZIP Token ()
Dec 21, 2025 03:14:43.079 [124058903907128] DEBUG - Completed: [127.0.0.1:50002] 200 GET /library/sections (2 live) #20 GZIP 0ms 403 bytes
Dec 21, 2025 03:14:43.090 [124058858015544] DEBUG - Request: [127.0.0.1:50012 (Loopback)] GET /channels/all (2 live) #22 GZIP Token ()
Dec 21, 2025 03:14:43.090 [124058903907128] DEBUG - Completed: [127.0.0.1:50012] 200 GET /channels/all (2 live) #22 GZIP 0ms 387 bytes
Dec 21, 2025 03:14:43.102 [124058858015544] DEBUG - Request: [127.0.0.1:50024 (Loopback)] GET /library/sections (2 live) #24 GZIP Token ()
Dec 21, 2025 03:14:43.103 [124058903907128] DEBUG - Completed: [127.0.0.1:50024] 200 GET /library/sections (2 live) #24 GZIP 0ms 403 bytes
Dec 21, 2025 03:14:43.114 [124058858015544] DEBUG - Request: [127.0.0.1:50034 (Loopback)] GET /channels/all (2 live) #26 GZIP Token ()
Dec 21, 2025 03:14:43.114 [124058903907128] DEBUG - Completed: [127.0.0.1:50034] 200 GET /channels/all (2 live) #26 GZIP 0ms 387 bytes
Dec 21, 2025 03:17:43.063 [124058913749816] DEBUG - Butler: we're in the window, starting.
Dec 21, 2025 03:17:43.063 [124058913749816] DEBUG - Butler: Waking up!
Dec 21, 2025 03:17:43.063 [124058913749816] DEBUG - Butler: Scheduling randomized task 'RefreshEpgGuides' in 9 minutes.
Dec 21, 2025 03:17:43.064 [124058913749816] DEBUG - Butler: Scheduling randomized task 'RefreshPeriodicMetadata' in 13 minutes.
Dec 21, 2025 03:17:43.064 [124058913749816] DEBUG - Butler: Scheduling randomized task 'ButlerTaskGenerateCreditsMarkers' in 70 minutes.
Dec 21, 2025 03:17:43.069 [124058892184376] DEBUG - Activity: registered new activity f41dab1a-f545-4adc-980f-09d9172a1a49 - "Butler tasks"
Dec 21, 2025 03:17:43.079 [124058892184376] ERROR - Butler: Uncaught exception starting generator UpgradeMediaAnalysis: Vectors of size 0 are not allowed.
Dec 21, 2025 03:17:43.083 [124058892184376] DEBUG - Activity: registered new sub-activity 2a3c39b9-9d73-4cee-b0cb-3359b0b164e3 - "GarbageCollectLibraryMedia" parent: f41dab1a-f545-4adc-980f-09d9172a1a49 overall progress: 0.0% (0/1)
Dec 21, 2025 03:17:43.087 [124058892184376] DEBUG - Activity: ended sub-activity 2a3c39b9-9d73-4cee-b0cb-3359b0b164e3 parent: f41dab1a-f545-4adc-980f-09d9172a1a49 overall progress: 100.0% (1/1)
Dec 21, 2025 03:17:43.087 [124058892184376] DEBUG - Activity: updated activity f41dab1a-f545-4adc-980f-09d9172a1a49 - completed 100.0% - Butler tasks
Dec 21, 2025 03:17:43.094 [124058892184376] DEBUG - Activity: registered new sub-activity 3402a20e-1a4e-401a-bf93-aaee9eea759f - "DeepMediaAnalysis" parent: f41dab1a-f545-4adc-980f-09d9172a1a49 overall progress: 50.0% (1/2)
Dec 21, 2025 03:17:43.094 [124058892184376] DEBUG - Activity: updated activity f41dab1a-f545-4adc-980f-09d9172a1a49 - completed 50.0% - Butler tasks
Dec 21, 2025 03:17:43.097 [124058892184376] DEBUG - Activity: ended sub-activity 3402a20e-1a4e-401a-bf93-aaee9eea759f parent: f41dab1a-f545-4adc-980f-09d9172a1a49 overall progress: 100.0% (2/2)
Dec 21, 2025 03:17:43.097 [124058892184376] DEBUG - Activity: updated activity f41dab1a-f545-4adc-980f-09d9172a1a49 - completed 100.0% - Butler tasks
Dec 21, 2025 03:17:43.097 [124058892184376] DEBUG - The butler performed deep analysis on 0 files
Dec 21, 2025 03:17:43.103 [124058892184376] DEBUG - Activity: registered new sub-activity 16ea85c6-e848-48b4-9170-13f3b41c2139 - "LoudnessAnalysis" parent: f41dab1a-f545-4adc-980f-09d9172a1a49 overall progress: 66.7% (2/3)
Dec 21, 2025 03:17:43.103 [124058892184376] DEBUG - Activity: updated activity f41dab1a-f545-4adc-980f-09d9172a1a49 - completed 66.7% - Butler tasks
Dec 21, 2025 03:17:43.107 [124058892184376] DEBUG - Activity: ended sub-activity 16ea85c6-e848-48b4-9170-13f3b41c2139 parent: f41dab1a-f545-4adc-980f-09d9172a1a49 overall progress: 100.0% (3/3)
Dec 21, 2025 03:17:43.107 [124058892184376] DEBUG - Activity: updated activity f41dab1a-f545-4adc-980f-09d9172a1a49 - completed 100.0% - Butler tasks
Dec 21, 2025 03:17:43.107 [124058892184376] DEBUG - The butler performed loudness analysis on 0 albums.
Dec 21, 2025 03:17:43.115 [124058892184376] DEBUG - Activity: registered new sub-activity 64344b7a-b8bc-4b7c-8382-f6823e944943 - "GenerateChapterThumbs" parent: f41dab1a-f545-4adc-980f-09d9172a1a49 overall progress: 75.0% (3/4)
Dec 21, 2025 03:17:43.115 [124058892184376] DEBUG - Activity: updated activity f41dab1a-f545-4adc-980f-09d9172a1a49 - completed 75.0% - Butler tasks
Dec 21, 2025 03:17:43.134 [124058892184376] DEBUG - Activity: ended sub-activity 64344b7a-b8bc-4b7c-8382-f6823e944943 parent: f41dab1a-f545-4adc-980f-09d9172a1a49 overall progress: 100.0% (4/4)
Dec 21, 2025 03:17:43.134 [124058892184376] DEBUG - Activity: updated activity f41dab1a-f545-4adc-980f-09d9172a1a49 - completed 100.0% - Butler tasks
Dec 21, 2025 03:17:43.134 [124058892184376] DEBUG - The butler generated chapter thumbnails for 0 files
Dec 21, 2025 03:17:43.137 [124058892184376] DEBUG - Activity: registered new sub-activity 985f0cdf-4339-4abb-9981-0a7fc94f948e - "MusicAnalysis" parent: f41dab1a-f545-4adc-980f-09d9172a1a49 overall progress: 80.0% (4/5)
Dec 21, 2025 03:17:43.137 [124058892184376] DEBUG - Activity: updated activity f41dab1a-f545-4adc-980f-09d9172a1a49 - completed 80.0% - Butler tasks
Dec 21, 2025 03:17:43.139 [124058892184376] DEBUG - Activity: ended sub-activity 985f0cdf-4339-4abb-9981-0a7fc94f948e parent: f41dab1a-f545-4adc-980f-09d9172a1a49 overall progress: 100.0% (5/5)
Dec 21, 2025 03:17:43.139 [124058892184376] DEBUG - Activity: updated activity f41dab1a-f545-4adc-980f-09d9172a1a49 - completed 100.0% - Butler tasks
Dec 21, 2025 03:17:43.139 [124058892184376] DEBUG - Butler: Performed sonic analysis on 0 batches of albums.
Dec 21, 2025 03:17:43.143 [124058892184376] DEBUG - Activity: registered new sub-activity 3863b273-1bb3-486a-b1ec-967c4e4828f9 - "ProcessAssets" parent: f41dab1a-f545-4adc-980f-09d9172a1a49 overall progress: 83.3% (5/6)
Dec 21, 2025 03:17:43.143 [124058892184376] DEBUG - Activity: updated activity f41dab1a-f545-4adc-980f-09d9172a1a49 - completed 83.3% - Butler tasks
Dec 21, 2025 03:17:43.149 [124058892184376] DEBUG - Activity: ended sub-activity 3863b273-1bb3-486a-b1ec-967c4e4828f9 parent: f41dab1a-f545-4adc-980f-09d9172a1a49 overall progress: 100.0% (6/6)
Dec 21, 2025 03:17:43.149 [124058892184376] DEBUG - Activity: updated activity f41dab1a-f545-4adc-980f-09d9172a1a49 - completed 100.0% - Butler tasks
Dec 21, 2025 03:17:43.149 [124058892184376] DEBUG - The butler processed 0 assets.
Dec 21, 2025 03:17:43.158 [124058892184376] DEBUG - Activity: registered new sub-activity fa2d1cc2-1526-4c2c-8cb8-9845a2073c32 - "ButlerTaskGenerateIntroMarkers" parent: f41dab1a-f545-4adc-980f-09d9172a1a49 overall progress: 85.7% (6/7)
Dec 21, 2025 03:17:43.158 [124058892184376] DEBUG - Activity: updated activity f41dab1a-f545-4adc-980f-09d9172a1a49 - completed 85.7% - Butler tasks
Dec 21, 2025 03:17:43.160 [124058892184376] DEBUG - Activity: ended sub-activity fa2d1cc2-1526-4c2c-8cb8-9845a2073c32 parent: f41dab1a-f545-4adc-980f-09d9172a1a49 overall progress: 100.0% (7/7)
Dec 21, 2025 03:17:43.160 [124058892184376] DEBUG - Activity: updated activity f41dab1a-f545-4adc-980f-09d9172a1a49 - completed 100.0% - Butler tasks
Dec 21, 2025 03:17:43.457 [124058874891064] DEBUG - [HCl#15] HTTP requesting GET https://plex.tv/api/v2/features?X-Plex-Token=
Dec 21, 2025 03:17:43.748 [124058889657144] DEBUG - [HttpClient/HCl#15] HTTP/1.1 (0.3s) 200 response from GET https://plex.tv/api/v2/features?X-Plex-Token=
Dec 21, 2025 03:17:43.758 [124058874891064] DEBUG - [HCl#16] HTTP requesting GET https://plex.tv/api/v2/server/users/features
Dec 21, 2025 03:17:43.849 [124058889657144] DEBUG - [HttpClient/HCl#16] HTTP/1.1 (0.1s) 401 response from GET https://plex.tv/api/v2/server/users/features (reused)
Dec 21, 2025 03:17:43.849 [124058881219384] ERROR - MyPlex: Error 401 requesting JSON from: https://plex.tv/api/v2/server/users/features
Dec 21, 2025 03:17:43.849 [124058874891064] WARN - FeatureManager: Couldn't get features. Trying again soon.
Dec 21, 2025 03:22:43.838 [124058862234424] DEBUG - [HCl#17] HTTP requesting GET https://plex.tv/api/v2/features?X-Plex-Token=
Dec 21, 2025 03:22:44.114 [124058889657144] DEBUG - [HttpClient/HCl#17] HTTP/1.1 (0.3s) 200 response from GET https://plex.tv/api/v2/features?X-Plex-Token=
Dec 21, 2025 03:22:44.124 [124058862234424] DEBUG - [HCl#18] HTTP requesting GET https://plex.tv/api/v2/server/users/features
Dec 21, 2025 03:22:44.207 [124058889657144] DEBUG - [HttpClient/HCl#18] HTTP/1.1 (0.1s) 401 response from GET https://plex.tv/api/v2/server/users/features (reused)
Dec 21, 2025 03:22:44.207 [124058881219384] ERROR - MyPlex: Error 401 requesting JSON from: https://plex.tv/api/v2/server/users/features
Dec 21, 2025 03:22:44.207 [124058862234424] WARN - FeatureManager: Couldn't get features. Trying again soon.
Dec 21, 2025 03:26:43.042 [124058913749816] DEBUG - Butler: Starting delayed task RefreshEpgGuides.
Dec 21, 2025 03:26:43.142 [124058892184376] DEBUG - Activity: registered new sub-activity 59c5e701-c1f5-4976-95d9-e0b2bdd8165b - "RefreshEpgGuides" parent: f41dab1a-f545-4adc-980f-09d9172a1a49 overall progress: 87.5% (7/8)
Dec 21, 2025 03:26:43.142 [124058892184376] DEBUG - Activity: updated activity f41dab1a-f545-4adc-980f-09d9172a1a49 - completed 87.5% - Butler tasks
Dec 21, 2025 03:26:43.143 [124058892184376] DEBUG - Activity: ended sub-activity 59c5e701-c1f5-4976-95d9-e0b2bdd8165b parent: f41dab1a-f545-4adc-980f-09d9172a1a49 overall progress: 100.0% (8/8)
Dec 21, 2025 03:26:43.143 [124058892184376] DEBUG - Activity: updated activity f41dab1a-f545-4adc-980f-09d9172a1a49 - completed 100.0% - Butler tasks
Dec 21, 2025 03:27:44.195 [124058913749816] DEBUG - [HCl#19] HTTP requesting GET https://plex.tv/api/v2/features?X-Plex-Token=
Dec 21, 2025 03:27:44.461 [124058889657144] DEBUG - [HttpClient/HCl#19] HTTP/1.1 (0.3s) 200 response from GET https://plex.tv/api/v2/features?X-Plex-Token=
Dec 21, 2025 03:27:44.473 [124058913749816] DEBUG - [HCl#1a] HTTP requesting GET https://plex.tv/api/v2/server/users/features
Dec 21, 2025 03:27:44.561 [124058889657144] DEBUG - [HttpClient/HCl#1a] HTTP/1.1 (0.1s) 401 response from GET https://plex.tv/api/v2/server/users/features (reused)
Dec 21, 2025 03:27:44.561 [124058881219384] ERROR - MyPlex: Error 401 requesting JSON from: https://plex.tv/api/v2/server/users/features
Dec 21, 2025 03:27:44.561 [124058913749816] WARN - FeatureManager: Couldn't get features. Trying again soon.
Dec 21, 2025 03:30:43.032 [124058874891064] DEBUG - Butler: Starting delayed task RefreshPeriodicMetadata.
Dec 21, 2025 03:30:43.137 [124058892184376] DEBUG - Butler: Considering 0 artists for periodic refresh.
Dec 21, 2025 03:30:43.137 [124058892184376] DEBUG - Butler: There are 0 old artists.
Dec 21, 2025 03:30:43.138 [124058892184376] DEBUG - Butler: refreshing metadata for 0 seasons because they contain episodes released in the past week
Dec 21, 2025 03:30:43.148 [124058892184376] DEBUG - Activity: registered new sub-activity 804644d7-195b-4e64-8d7a-b5f07d5bbd35 - "RefreshPeriodicMetadata" parent: f41dab1a-f545-4adc-980f-09d9172a1a49 overall progress: 88.9% (8/9)
Dec 21, 2025 03:30:43.148 [124058892184376] DEBUG - Activity: updated activity f41dab1a-f545-4adc-980f-09d9172a1a49 - completed 88.9% - Butler tasks
Dec 21, 2025 03:30:43.153 [124058892184376] DEBUG - Activity: ended sub-activity 804644d7-195b-4e64-8d7a-b5f07d5bbd35 parent: f41dab1a-f545-4adc-980f-09d9172a1a49 overall progress: 100.0% (9/9)
Dec 21, 2025 03:30:43.153 [124058892184376] DEBUG - Activity: updated activity f41dab1a-f545-4adc-980f-09d9172a1a49 - completed 100.0% - Butler tasks
Dec 21, 2025 03:30:43.153 [124058892184376] DEBUG - Butler: Periodic metadata refresh complete (movies: 0, seasons: 0, artists: 0, shows: 0)
Dec 21, 2025 03:32:44.550 [124058913749816] DEBUG - [HCl#1b] HTTP requesting GET https://plex.tv/api/v2/features?X-Plex-Token=
Dec 21, 2025 03:32:44.842 [124058889657144] DEBUG - [HttpClient/HCl#1b] HTTP/1.1 (0.3s) 200 response from GET https://plex.tv/api/v2/features?X-Plex-Token=
Dec 21, 2025 03:32:44.851 [124058913749816] DEBUG - [HCl#1c] HTTP requesting GET https://plex.tv/api/v2/server/users/features
Dec 21, 2025 03:32:44.946 [124058889657144] DEBUG - [HttpClient/HCl#1c] HTTP/1.1 (0.1s) 401 response from GET https://plex.tv/api/v2/server/users/features (reused)
Dec 21, 2025 03:32:44.946 [124058881219384] ERROR - MyPlex: Error 401 requesting JSON from: https://plex.tv/api/v2/server/users/features
Dec 21, 2025 03:32:44.946 [124058913749816] WARN - FeatureManager: Couldn't get features. Trying again soon.
Dec 21, 2025 03:37:44.935 [124058862234424] DEBUG - [HCl#1d] HTTP requesting GET https://plex.tv/api/v2/features?X-Plex-Token=
Dec 21, 2025 03:37:45.237 [124058889657144] DEBUG - [HttpClient/HCl#1d] HTTP/1.1 (0.3s) 200 response from GET https://plex.tv/api/v2/features?X-Plex-Token=
Dec 21, 2025 03:37:45.262 [124058862234424] DEBUG - [HCl#1e] HTTP requesting GET https://plex.tv/api/v2/server/users/features
Dec 21, 2025 03:37:45.366 [124058889657144] DEBUG - [HttpClient/HCl#1e] HTTP/1.1 (0.1s) 401 response from GET https://plex.tv/api/v2/server/users/features (reused)
Dec 21, 2025 03:37:45.366 [124058881219384] ERROR - MyPlex: Error 401 requesting JSON from: https://plex.tv/api/v2/server/users/features
Dec 21, 2025 03:37:45.367 [124058862234424] WARN - FeatureManager: Couldn't get features. Trying again soon.
Dec 21, 2025 03:42:45.355 [124058862234424] DEBUG - [HCl#1f] HTTP requesting GET https://plex.tv/api/v2/features?X-Plex-Token=
Dec 21, 2025 03:42:45.627 [124058889657144] DEBUG - [HttpClient/HCl#1f] HTTP/1.1 (0.3s) 200 response from GET https://plex.tv/api/v2/features?X-Plex-Token=
Dec 21, 2025 03:42:45.633 [124058862234424] DEBUG - [HCl#20] HTTP requesting GET https://plex.tv/api/v2/server/users/features
Dec 21, 2025 03:42:45.718 [124058889657144] DEBUG - [HttpClient/HCl#20] HTTP/1.1 (0.1s) 401 response from GET https://plex.tv/api/v2/server/users/features (reused)
Dec 21, 2025 03:42:45.718 [124058881219384] ERROR - MyPlex: Error 401 requesting JSON from: https://plex.tv/api/v2/server/users/features
Dec 21, 2025 03:42:45.718 [124058862234424] WARN - FeatureManager: Couldn't get features. Trying again soon.
Dec 21, 2025 03:42:52.189 [124058849422136] DEBUG - Putting plug-in com.plexapp.agents.imdb to sleep.
Dec 21, 2025 03:42:52.189 [124058849422136] DEBUG - Stopping [com.plexapp.agents.imdb].
Dec 21, 2025 03:42:52.189 [124058849422136] DEBUG - [com.plexapp.agents.imdb] Killing.
Dec 21, 2025 03:42:52.193 [124058916219704] WARN - JobManager: Could not find job for handle 302
Dec 21, 2025 03:43:02.190 [124058849422136] DEBUG - Stopping file watcher for com.plexapp.agents.imdb
Dec 21, 2025 03:47:45.704 [124058877000504] DEBUG - [HCl#21] HTTP requesting GET https://plex.tv/api/v2/features?X-Plex-Token=
Dec 21, 2025 03:47:45.998 [124058889657144] DEBUG - [HttpClient/HCl#21] HTTP/1.1 (0.3s) 200 response from GET https://plex.tv/api/v2/features?X-Plex-Token=
Dec 21, 2025 03:47:46.016 [124058877000504] DEBUG - [HCl#22] HTTP requesting GET https://plex.tv/api/v2/server/users/features
Dec 21, 2025 03:47:46.099 [124058889657144] DEBUG - [HttpClient/HCl#22] HTTP/1.1 (0.1s) 401 response from GET https://plex.tv/api/v2/server/users/features (reused)
Dec 21, 2025 03:47:46.099 [124058881219384] ERROR - MyPlex: Error 401 requesting JSON from: https://plex.tv/api/v2/server/users/features
Dec 21, 2025 03:47:46.099 [124058877000504] WARN - FeatureManager: Couldn't get features. Trying again soon.
Dec 21, 2025 03:52:46.087 [124058877000504] DEBUG - [HCl#23] HTTP requesting GET https://plex.tv/api/v2/features?X-Plex-Token=
Dec 21, 2025 03:52:46.363 [124058889657144] DEBUG - [HttpClient/HCl#23] HTTP/1.1 (0.3s) 200 response from GET https://plex.tv/api/v2/features?X-Plex-Token=
Dec 21, 2025 03:52:46.386 [124058877000504] DEBUG - [HCl#24] HTTP requesting GET https://plex.tv/api/v2/server/users/features
Dec 21, 2025 03:52:46.477 [124058889657144] DEBUG - [HttpClient/HCl#24] HTTP/1.1 (0.1s) 401 response from GET https://plex.tv/api/v2/server/users/features (reused)
Dec 21, 2025 03:52:46.477 [124058881219384] ERROR - MyPlex: Error 401 requesting JSON from: https://plex.tv/api/v2/server/users/features
Dec 21, 2025 03:52:46.478 [124058877000504] WARN - FeatureManager: Couldn't get features. Trying again soon.
Dec 21, 2025 03:57:46.464 [124058862234424] DEBUG - [HCl#25] HTTP requesting GET https://plex.tv/api/v2/features?X-Plex-Token=
Dec 21, 2025 03:57:46.769 [124058889657144] DEBUG - [HttpClient/HCl#25] HTTP/1.1 (0.3s) 200 response from GET https://plex.tv/api/v2/features?X-Plex-Token=
Dec 21, 2025 03:57:46.776 [124058862234424] DEBUG - [HCl#26] HTTP requesting GET https://plex.tv/api/v2/server/users/features
Dec 21, 2025 03:57:46.871 [124058889657144] DEBUG - [HttpClient/HCl#26] HTTP/1.1 (0.1s) 401 response from GET https://plex.tv/api/v2/server/users/features (reused)
Dec 21, 2025 03:57:46.871 [124058881219384] ERROR - MyPlex: Error 401 requesting JSON from: https://plex.tv/api/v2/server/users/features
Dec 21, 2025 03:57:46.871 [124058862234424] WARN - FeatureManager: Couldn't get features. Trying again soon.
Dec 21, 2025 04:02:46.852 [124058874891064] DEBUG - [HCl#27] HTTP requesting GET https://plex.tv/api/v2/features?X-Plex-Token=
Dec 21, 2025 04:02:47.138 [124058889657144] DEBUG - [HttpClient/HCl#27] HTTP/1.1 (0.3s) 200 response from GET https://plex.tv/api/v2/features?X-Plex-Token=
Dec 21, 2025 04:02:47.167 [124058874891064] DEBUG - [HCl#28] HTTP requesting GET https://plex.tv/api/v2/server/users/features
Dec 21, 2025 04:02:47.291 [124058889657144] DEBUG - [HttpClient/HCl#28] HTTP/1.1 (0.1s) 401 response from GET https://plex.tv/api/v2/server/users/features (reused)
Dec 21, 2025 04:02:47.291 [124058881219384] ERROR - MyPlex: Error 401 requesting JSON from: https://plex.tv/api/v2/server/users/features
Dec 21, 2025 04:02:47.291 [124058874891064] WARN - FeatureManager: Couldn't get features. Trying again soon.
Dec 21, 2025 04:07:47.274 [124058874891064] DEBUG - [HCl#29] HTTP requesting GET https://plex.tv/api/v2/features?X-Plex-Token=
Dec 21, 2025 04:07:47.616 [124058889657144] DEBUG - [HttpClient/HCl#29] HTTP/1.1 (0.3s) 200 response from GET https://plex.tv/api/v2/features?X-Plex-Token=
Dec 21, 2025 04:07:47.623 [124058874891064] DEBUG - [HCl#2a] HTTP requesting GET https://plex.tv/api/v2/server/users/features
Dec 21, 2025 04:07:47.706 [124058889657144] DEBUG - [HttpClient/HCl#2a] HTTP/1.1 (0.1s) 401 response from GET https://plex.tv/api/v2/server/users/features (reused)
Dec 21, 2025 04:07:47.707 [124058881219384] ERROR - MyPlex: Error 401 requesting JSON from: https://plex.tv/api/v2/server/users/features
Dec 21, 2025 04:07:47.707 [124058874891064] WARN - FeatureManager: Couldn't get features. Trying again soon.
Dec 21, 2025 04:12:47.688 [124058862234424] DEBUG - [HCl#2b] HTTP requesting GET https://plex.tv/api/v2/features?X-Plex-Token=
Dec 21, 2025 04:12:47.967 [124058889657144] DEBUG - [HttpClient/HCl#2b] HTTP/1.1 (0.3s) 200 response from GET https://plex.tv/api/v2/features?X-Plex-Token=
Dec 21, 2025 04:12:47.992 [124058862234424] DEBUG - [HCl#2c] HTTP requesting GET https://plex.tv/api/v2/server/users/features
Dec 21, 2025 04:12:48.077 [124058889657144] DEBUG - [HttpClient/HCl#2c] HTTP/1.1 (0.1s) 401 response from GET https://plex.tv/api/v2/server/users/features (reused)
Dec 21, 2025 04:12:48.077 [124058881219384] ERROR - MyPlex: Error 401 requesting JSON from: https://plex.tv/api/v2/server/users/features
Dec 21, 2025 04:12:48.077 [124058862234424] WARN - FeatureManager: Couldn't get features. Trying again soon.
Dec 21, 2025 04:17:48.060 [124058874891064] DEBUG - [HCl#2d] HTTP requesting GET https://plex.tv/api/v2/features?X-Plex-Token=
Dec 21, 2025 04:17:48.349 [124058889657144] DEBUG - [HttpClient/HCl#2d] HTTP/1.1 (0.3s) 200 response from GET https://plex.tv/api/v2/features?X-Plex-Token=
Dec 21, 2025 04:17:48.356 [124058874891064] DEBUG - [HCl#2e] HTTP requesting GET https://plex.tv/api/v2/server/users/features
Dec 21, 2025 04:17:48.453 [124058889657144] DEBUG - [HttpClient/HCl#2e] HTTP/1.1 (0.1s) 401 response from GET https://plex.tv/api/v2/server/users/features (reused)
Dec 21, 2025 04:17:48.454 [124058881219384] ERROR - MyPlex: Error 401 requesting JSON from: https://plex.tv/api/v2/server/users/features
Dec 21, 2025 04:17:48.454 [124058874891064] WARN - FeatureManager: Couldn't get features. Trying again soon.
Dec 21, 2025 04:22:48.436 [124058874891064] DEBUG - [HCl#2f] HTTP requesting GET https://plex.tv/api/v2/features?X-Plex-Token=
Dec 21, 2025 04:22:48.727 [124058889657144] DEBUG - [HttpClient/HCl#2f] HTTP/1.1 (0.3s) 200 response from GET https://plex.tv/api/v2/features?X-Plex-Token=
Dec 21, 2025 04:22:48.740 [124058874891064] DEBUG - [HCl#30] HTTP requesting GET https://plex.tv/api/v2/server/users/features
Dec 21, 2025 04:22:48.837 [124058889657144] DEBUG - [HttpClient/HCl#30] HTTP/1.1 (0.1s) 401 response from GET https://plex.tv/api/v2/server/users/features (reused)
Dec 21, 2025 04:22:48.838 [124058872781624] ERROR - MyPlex: Error 401 requesting JSON from: https://plex.tv/api/v2/server/users/features
Dec 21, 2025 04:22:48.838 [124058874891064] WARN - FeatureManager: Couldn't get features. Trying again soon.
Dec 21, 2025 04:27:42.852 [124058874891064] DEBUG - Butler: Starting delayed task ButlerTaskGenerateCreditsMarkers.
Dec 21, 2025 04:27:42.986 [124058892184376] DEBUG - Activity: registered new sub-activity 3f59d089-7b44-4c0a-b07a-3e0d93e0439a - "ButlerTaskGenerateCreditsMarkers" parent: f41dab1a-f545-4adc-980f-09d9172a1a49 overall progress: 90.0% (9/10)
Dec 21, 2025 04:27:42.987 [124058892184376] DEBUG - Activity: updated activity f41dab1a-f545-4adc-980f-09d9172a1a49 - completed 90.0% - Butler tasks
Dec 21, 2025 04:27:42.988 [124058892184376] DEBUG - Activity: ended sub-activity 3f59d089-7b44-4c0a-b07a-3e0d93e0439a parent: f41dab1a-f545-4adc-980f-09d9172a1a49 overall progress: 100.0% (10/10)
Dec 21, 2025 04:27:42.989 [124058892184376] DEBUG - Activity: updated activity f41dab1a-f545-4adc-980f-09d9172a1a49 - completed 100.0% - Butler tasks
Dec 21, 2025 04:27:42.989 [124058892184376] DEBUG - Butler: Done doing work.
Dec 21, 2025 04:27:42.990 [124058892184376] DEBUG - Activity: Ended activity f41dab1a-f545-4adc-980f-09d9172a1a49.
Dec 21, 2025 04:27:48.824 [124058881219384] DEBUG - [HCl#31] HTTP requesting GET https://plex.tv/api/v2/features?X-Plex-Token=
Dec 21, 2025 04:27:49.111 [124058889657144] DEBUG - [HttpClient/HCl#31] HTTP/1.1 (0.3s) 200 response from GET https://plex.tv/api/v2/features?X-Plex-Token=
Dec 21, 2025 04:27:49.119 [124058881219384] DEBUG - [HCl#32] HTTP requesting GET https://plex.tv/api/v2/server/users/features
Dec 21, 2025 04:27:49.222 [124058889657144] DEBUG - [HttpClient/HCl#32] HTTP/1.1 (0.1s) 401 response from GET https://plex.tv/api/v2/server/users/features (reused)
Dec 21, 2025 04:27:49.222 [124058872781624] ERROR - MyPlex: Error 401 requesting JSON from: https://plex.tv/api/v2/server/users/features
Dec 21, 2025 04:27:49.222 [124058881219384] WARN - FeatureManager: Couldn't get features. Trying again soon.
Dec 21, 2025 04:32:49.209 [124058874891064] DEBUG - [HCl#33] HTTP requesting GET https://plex.tv/api/v2/features?X-Plex-Token=
Dec 21, 2025 04:32:49.486 [124058889657144] DEBUG - [HttpClient/HCl#33] HTTP/1.1 (0.3s) 200 response from GET https://plex.tv/api/v2/features?X-Plex-Token=
Dec 21, 2025 04:32:49.502 [124058874891064] DEBUG - [HCl#34] HTTP requesting GET https://plex.tv/api/v2/server/users/features
Dec 21, 2025 04:32:49.587 [124058889657144] DEBUG - [HttpClient/HCl#34] HTTP/1.1 (0.1s) 401 response from GET https://plex.tv/api/v2/server/users/features (reused)
Dec 21, 2025 04:32:49.587 [124058892184376] ERROR - MyPlex: Error 401 requesting JSON from: https://plex.tv/api/v2/server/users/features
Dec 21, 2025 04:32:49.587 [124058874891064] WARN - FeatureManager: Couldn't get features. Trying again soon.
Dec 21, 2025 04:37:49.574 [124058881219384] DEBUG - [HCl#35] HTTP requesting GET https://plex.tv/api/v2/features?X-Plex-Token=
Dec 21, 2025 04:37:49.853 [124058889657144] DEBUG - [HttpClient/HCl#35] HTTP/1.1 (0.3s) 200 response from GET https://plex.tv/api/v2/features?X-Plex-Token=
Dec 21, 2025 04:37:49.863 [124058881219384] DEBUG - [HCl#36] HTTP requesting GET https://plex.tv/api/v2/server/users/features
Dec 21, 2025 04:37:49.956 [124058889657144] DEBUG - [HttpClient/HCl#36] HTTP/1.1 (0.1s) 401 response from GET https://plex.tv/api/v2/server/users/features (reused)
Dec 21, 2025 04:37:49.956 [124058892184376] ERROR - MyPlex: Error 401 requesting JSON from: https://plex.tv/api/v2/server/users/features
Dec 21, 2025 04:37:49.956 [124058881219384] WARN - FeatureManager: Couldn't get features. Trying again soon.
Dec 21, 2025 04:42:49.944 [124058874891064] DEBUG - [HCl#37] HTTP requesting GET https://plex.tv/api/v2/features?X-Plex-Token=
Dec 21, 2025 04:42:50.219 [124058889657144] DEBUG - [HttpClient/HCl#37] HTTP/1.1 (0.3s) 200 response from GET https://plex.tv/api/v2/features?X-Plex-Token=
Dec 21, 2025 04:42:50.230 [124058874891064] DEBUG - [HCl#38] HTTP requesting GET https://plex.tv/api/v2/server/users/features
Dec 21, 2025 04:42:50.321 [124058889657144] DEBUG - [HttpClient/HCl#38] HTTP/1.1 (0.1s) 401 response from GET https://plex.tv/api/v2/server/users/features (reused)
Dec 21, 2025 04:42:50.321 [124058892184376] ERROR - MyPlex: Error 401 requesting JSON from: https://plex.tv/api/v2/server/users/features
Dec 21, 2025 04:42:50.321 [124058874891064] WARN - FeatureManager: Couldn't get features. Trying again soon.
Dec 21, 2025 04:47:50.309 [124058874891064] DEBUG - [HCl#39] HTTP requesting GET https://plex.tv/api/v2/features?X-Plex-Token=
Dec 21, 2025 04:47:50.619 [124058889657144] DEBUG - [HttpClient/HCl#39] HTTP/1.1 (0.3s) 200 response from GET https://plex.tv/api/v2/features?X-Plex-Token=
Dec 21, 2025 04:47:50.626 [124058874891064] DEBUG - [HCl#3a] HTTP requesting GET https://plex.tv/api/v2/server/users/features
Dec 21, 2025 04:47:50.716 [124058889657144] DEBUG - [HttpClient/HCl#3a] HTTP/1.1 (0.1s) 401 response from GET https://plex.tv/api/v2/server/users/features (reused)
Dec 21, 2025 04:47:50.716 [124058892184376] ERROR - MyPlex: Error 401 requesting JSON from: https://plex.tv/api/v2/server/users/features
Dec 21, 2025 04:47:50.716 [124058874891064] WARN - FeatureManager: Couldn't get features. Trying again soon.
Dec 21, 2025 04:52:50.703 [124058877000504] DEBUG - [HCl#3b] HTTP requesting GET https://plex.tv/api/v2/features?X-Plex-Token=
Dec 21, 2025 04:52:50.738 [124058889657144] WARN - [HttpClient/HCl#3b] HTTP error requesting GET https://plex.tv/api/v2/features?X-Plex-Token=xxxxxxxxxxxxxxxxxxxxe host name) (Could not resolve host: plex.tv)
Dec 21, 2025 04:52:50.742 [124058877000504] DEBUG - FeatureManager: Using cached data for features list
Dec 21, 2025 04:52:50.753 [124058877000504] DEBUG - [HCl#3c] HTTP requesting GET https://plex.tv/api/v2/server/users/features
Dec 21, 2025 04:52:50.757 [124058889657144] WARN - [HttpClient/HCl#3c] HTTP error requesting GET https://plex.tv/api/v2/server/users/features (6, Couldn't resolve host name) (Could not resolve host: plex.tv)
Dec 21, 2025 04:52:50.761 [124058892184376] DEBUG - MyPlex: no cached data to load for request for https://plex.tv/api/v2/server/users/features
Dec 21, 2025 04:52:50.761 [124058892184376] ERROR - MyPlex: Error -6 requesting JSON from: https://plex.tv/api/v2/server/users/features
Dec 21, 2025 04:52:50.761 [124058877000504] WARN - FeatureManager: Couldn't get features. Trying again soon.
Dec 21, 2025 04:57:50.748 [124058877000504] DEBUG - [HCl#3d] HTTP requesting GET https://plex.tv/api/v2/features?X-Plex-Token=
Dec 21, 2025 04:57:50.761 [124058889657144] WARN - [HttpClient/HCl#3d] HTTP error requesting GET https://plex.tv/api/v2/features?X-Plex-Token=xxxxxxxxxxxxxxxxxxxxe host name) (Could not resolve host: plex.tv)
Dec 21, 2025 04:57:50.762 [124058877000504] DEBUG - FeatureManager: Using cached data for features list
Dec 21, 2025 04:57:50.764 [124058877000504] DEBUG - [HCl#3e] HTTP requesting GET https://plex.tv/api/v2/server/users/features
Dec 21, 2025 04:57:50.766 [124058889657144] WARN - [HttpClient/HCl#3e] HTTP error requesting GET https://plex.tv/api/v2/server/users/features (6, Couldn't resolve host name) (Could not resolve host: plex.tv)
Dec 21, 2025 04:57:50.767 [124058892184376] DEBUG - MyPlex: no cached data to load for request for https://plex.tv/api/v2/server/users/features
Dec 21, 2025 04:57:50.767 [124058892184376] ERROR - MyPlex: Error -6 requesting JSON from: https://plex.tv/api/v2/server/users/features
Dec 21, 2025 04:57:50.767 [124058877000504] WARN - FeatureManager: Couldn't get features. Trying again soon.
