Dec 20, 2025 15:56:43.221 [128740449606456] INFO - Plex Media Server v1.42.2.10156-f737b826c - Docker Docker Container (LinuxServer.io) x86_64 - build: linux-x86_64 debian - GMT -05:00
Dec 20, 2025 15:56:43.222 [128740449606456] INFO - Linux version: 6.6.87.2-microsoft-standard-WSL2, language: en-US
Dec 20, 2025 15:56:43.222 [128740449606456] INFO - Processor: 32-core Intel(R) Core(TM) i9-14900K
Dec 20, 2025 15:56:43.223 [128740449606456] INFO - Compiler is - Clang 11.0.1 (https://plex.tv 9b997da8e5b47bdb4a9425b3a3b290be393b4b1f)
Dec 20, 2025 15:56:43.224 [128740449606456] INFO - /usr/lib/plexmediaserver/Plex Media Server
Dec 20, 2025 15:56:43.188 [128740452149904] DEBUG - BPQ: [Idle] -> [Starting]
Dec 20, 2025 15:56:43.225 [128740452149904] DEBUG - FeatureManager: Using cached data for features list
Dec 20, 2025 15:56:43.244 [128740452149904] DEBUG - MyPlex: mapping state set to 'Unknown'.
Dec 20, 2025 15:56:43.246 [128740452149904] DEBUG - Relay: read 0 cached entries from hosts file
Dec 20, 2025 15:56:43.255 [128740452149904] DEBUG - Opening 20 database sessions to library (com.plexapp.plugins.library), SQLite 3.39.4, threadsafe=1
Dec 20, 2025 15:56:43.371 [128740452149904] INFO - SQLITE3:0x80000001, 283, recovered 406 frames from WAL file /config/Library/Application Support/Plex Media Server/Plug-in Support/Databases/com.plexapp.plugins.library.db-wal
Dec 20, 2025 15:56:43.708 [128740452149904] DEBUG - MyPlex: no cached data to load for request for https://plex.tv/api/v2/server/users/features
Dec 20, 2025 15:56:43.722 [128740452149904] DEBUG - HttpServer: Listening on IPv6 as well as IPv4.
Dec 20, 2025 15:56:43.722 [128740452149904] DEBUG - HttpServer: Listening on port 32400.
Dec 20, 2025 15:56:43.723 [128740452149904] DEBUG - HttpServer: Listening on port 32401.
Dec 20, 2025 15:56:43.723 [128740452149904] DEBUG - Running server...
Dec 20, 2025 15:56:43.723 [128740431874872] DEBUG - HttpServer: Set up a thread pool with 2 threads.
Dec 20, 2025 15:56:43.723 [128740452149904] INFO - Running migrations. (EPG 0)
Dec 20, 2025 15:56:43.725 [128740452149904] DEBUG - Captured session 0.
Dec 20, 2025 15:56:43.725 [128740452149904] DEBUG - Captured session 1.
Dec 20, 2025 15:56:43.725 [128740452149904] DEBUG - Captured session 2.
Dec 20, 2025 15:56:43.725 [128740452149904] DEBUG - Captured session 3.
Dec 20, 2025 15:56:43.725 [128740452149904] DEBUG - Captured session 4.
Dec 20, 2025 15:56:43.725 [128740452149904] DEBUG - Captured session 5.
Dec 20, 2025 15:56:43.725 [128740452149904] DEBUG - Captured session 6.
Dec 20, 2025 15:56:43.725 [128740452149904] DEBUG - Captured session 7.
Dec 20, 2025 15:56:43.725 [128740452149904] DEBUG - Captured session 8.
Dec 20, 2025 15:56:43.725 [128740452149904] DEBUG - Captured session 9.
Dec 20, 2025 15:56:43.725 [128740452149904] DEBUG - Captured session 10.
Dec 20, 2025 15:56:43.725 [128740452149904] DEBUG - Captured session 11.
Dec 20, 2025 15:56:43.725 [128740452149904] DEBUG - Captured session 12.
Dec 20, 2025 15:56:43.725 [128740452149904] DEBUG - Captured session 13.
Dec 20, 2025 15:56:43.725 [128740452149904] DEBUG - Captured session 14.
Dec 20, 2025 15:56:43.725 [128740452149904] DEBUG - Captured session 15.
Dec 20, 2025 15:56:43.725 [128740452149904] DEBUG - Captured session 16.
Dec 20, 2025 15:56:43.725 [128740452149904] DEBUG - Captured session 17.
Dec 20, 2025 15:56:43.725 [128740452149904] DEBUG - Captured session 18.
Dec 20, 2025 15:56:43.725 [128740452149904] DEBUG - Captured session 19.
Dec 20, 2025 15:56:43.740 [128740452149904] DEBUG - ChangestampAllocator: initialized to 0
Dec 20, 2025 15:56:43.742 [128740452149904] DEBUG - Opening 2 database sessions to library (com.plexapp.plugins.library.blobs), SQLite 3.39.4, threadsafe=1
Dec 20, 2025 15:56:43.800 [128740452149904] INFO - Running migrations. (EPG 0)
Dec 20, 2025 15:56:43.802 [128740452149904] DEBUG - Captured session 0.
Dec 20, 2025 15:56:43.802 [128740452149904] DEBUG - Captured session 1.
Dec 20, 2025 15:56:44.006 [128740435094328] DEBUG - Request: didn't get any data from [::1]:37584: End of file
Dec 20, 2025 15:56:44.130 [128740444937016] DEBUG - Grabber: Cleaning up orphaned grabs.
Dec 20, 2025 15:56:44.130 [128740444937016] DEBUG - Grabber: Cleaned up 0 decrepit directories in 0.0 sec.
Dec 20, 2025 15:56:44.131 [128740452149904] DEBUG - Media Provider: Registering provider com.plexapp.plugins.library
Dec 20, 2025 15:56:44.131 [128740452149904] DEBUG - Auth: Refreshing tokens inside the token-based authentication filter.
Dec 20, 2025 15:56:44.131 [128740444937016] DEBUG - Auth: Refreshing tokens inside the token-based authentication filter.
Dec 20, 2025 15:56:44.131 [128740452149904] DEBUG - Opening 1 database sessions to library (), SQLite 3.39.4, threadsafe=1
Dec 20, 2025 15:56:44.132 [128740427606840] DEBUG - File "/usr/lib/plexmediaserver/Resources/Plug-ins-f737b826c" changed: -1 => 2025-11-24 04:32:52 (1763976772).
Dec 20, 2025 15:56:44.133 [128740427606840] DEBUG - File "/config/Library/Application Support/Plex Media Server/Plug-ins" changed: -1 => 2025-12-13 04:44:05 (1765619045).
Dec 20, 2025 15:56:44.133 [128740427606840] DEBUG - Scanning for plug-ins in "/usr/lib/plexmediaserver/Resources/Plug-ins-f737b826c"
Dec 20, 2025 15:56:44.145 [128740427606840] DEBUG - Scanning for plug-ins in "/config/Library/Application Support/Plex Media Server/Plug-ins"
Dec 20, 2025 15:56:44.147 [128740427606840] DEBUG - PluginRepository::setStartState: 1, startingSystem
Dec 20, 2025 15:56:44.148 [128740427606840] DEBUG - Starting plug-in /usr/lib/plexmediaserver/Resources/Plug-ins-f737b826c/System.bundle.
Dec 20, 2025 15:56:44.148 [128740427606840] DEBUG - [com.plexapp.system] Setting plug-in to always running (daemon mode).
Dec 20, 2025 15:56:44.150 [128740427606840] DEBUG - Starting file watcher for com.plexapp.system
Dec 20, 2025 15:56:44.150 [128740427606840] DEBUG - Plugin: setting environment variable: 'PYTHONHOME=/usr/lib/plexmediaserver/Resources/Python'
Dec 20, 2025 15:56:44.150 [128740427606840] DEBUG - Plugin: setting environment variable: 'PYTHONPATH=/usr/lib/plexmediaserver/Resources/Python/python27.zip:/usr/lib/plexmediaserver/Resources/Python/lib/python2.7/site-packages'
Dec 20, 2025 15:56:44.153 [128740427606840] DEBUG - Spawned plug-in com.plexapp.system with PID 221
Dec 20, 2025 15:56:44.153 [128740427606840] DEBUG - [com.plexapp.system] Sending command: GET /:/prefixes
Dec 20, 2025 15:56:44.893 [128740423297848] DEBUG - Request: [127.0.0.1:55470 (Loopback)] GET / (3 live) #3 GZIP Token ()
Dec 20, 2025 15:56:44.894 [128740437203768] DEBUG - Completed: [127.0.0.1:55470] 503 GET / (3 live) #3 GZIP 0ms 436 bytes
Dec 20, 2025 15:56:44.894 [128740423297848] DEBUG - Request: [127.0.0.1:55486 (Loopback)] GET /:/plugins/com.plexapp.system/messaging/function/X0J1bmRsZVNlcnZpY2U6QWxsU2VydmljZXM_/Y2VyZWFsMQoxCmxpc3QKMApyMAo_/Y2VyZWFsMQoxCmRpY3QKMApyMAo_ (3 live) #4 GZIP Token ()
Dec 20, 2025 15:56:44.894 [128740437203768] DEBUG - Completed: [127.0.0.1:55486] 503 GET /:/plugins/com.plexapp.system/messaging/function/X0J1bmRsZVNlcnZpY2U6QWxsU2VydmljZXM_/Y2VyZWFsMQoxCmxpc3QKMApyMAo_/Y2VyZWFsMQoxCmRpY3QKMApyMAo_ (3 live) #4 GZIP 0ms 436 bytes
Dec 20, 2025 15:56:45.129 [128740444937016] DEBUG - [JobRunner] Job running: /usr/lib/plexmediaserver/CrashUploader "--directory=/config/Library/Application Support/Plex Media Server/Crash Reports/1.42.2.10156-f737b826c" --version=1.42.2.10156-f737b826c --platform=Linux --platformVersion=6.6.87.2-microsoft-standard-WSL2 --serverUuid=dd268c112884cf21776d2496179e93a2f35ab5d9 --userId=NOUSERID --sentryUrl=https://o17675.ingest.sentry.io/api/1233455/ --sentryKey=xxxxxxxxxxxxxxxxxxxxxxxxxxxxxxxx --vendor=Docker --model=x86_64 "--device=Docker Container (LinuxServer.io)"
Dec 20, 2025 15:56:45.129 [128740444937016] DEBUG - [JobRunner] Jobs: Starting child process with pid 236
Dec 20, 2025 15:56:45.189 [128740447406904] DEBUG - Jobs: '/usr/lib/plexmediaserver/CrashUploader' exit code for process 236 is 0 (success)
Dec 20, 2025 15:56:45.301 [128740423297848] DEBUG - Request: [127.0.0.1:55498 (Loopback)] GET /servers (3 live) #7 GZIP Token ()
Dec 20, 2025 15:56:45.302 [128740437203768] DEBUG - Completed: [127.0.0.1:55498] 503 GET /servers (3 live) #7 GZIP 0ms 436 bytes
Dec 20, 2025 15:56:45.311 [128740427606840] DEBUG - Reading 486 bytes in the body, code is 200
Dec 20, 2025 15:56:45.311 [128740427606840] DEBUG - [com.plexapp.system] Plug-in running on port 36145.
Dec 20, 2025 15:56:45.311 [128740427606840] DEBUG -  * Plug-in handles prefix: /system
Dec 20, 2025 15:56:45.311 [128740427606840] DEBUG -  * Plug-in handles prefix: /player
Dec 20, 2025 15:56:45.311 [128740427606840] DEBUG - Read configuration for [com.plexapp.system], had 2 prefixes
Dec 20, 2025 15:56:45.312 [128740427606840] DEBUG - Done with 1 synchronous plug-in starts, starting the rest in parallel.
Dec 20, 2025 15:56:45.312 [128740427606840] DEBUG - PluginRepository::setStartState: 2, startingPlugins
Dec 20, 2025 15:56:45.312 [128740427606840] DEBUG - Updating the list of agents known by the system.
Dec 20, 2025 15:56:45.312 [128740427606840] DEBUG - [com.plexapp.system] Sending command over HTTP (GET): /system/agents
Dec 20, 2025 15:56:45.312 [128740427606840] DEBUG - [HCl#1] HTTP requesting GET http://127.0.0.1:36145/system/agents
Dec 20, 2025 15:56:45.313 [128740452149904] DEBUG - Image transcode cache directory: "/config/Library/Application Support/Plex Media Server/Cache/PhotoTranscoder"
Dec 20, 2025 15:56:45.315 [128740452149904] DEBUG - Transcoder: Cleaning old transcode directories.
Dec 20, 2025 15:56:45.322 [128740452149904] DEBUG - MyPlex: stop public ip check and mapping - current mapped state: 'Unknown'.
Dec 20, 2025 15:56:45.329 [128740452149904] DEBUG - NetworkInterface: Starting watch thread.
Dec 20, 2025 15:56:45.329 [128740452149904] DEBUG - Network change.
Dec 20, 2025 15:56:45.329 [128740452149904] DEBUG - NetworkInterface: Notified of network changed (force=0)
Dec 20, 2025 15:56:45.329 [128740416854840] DEBUG - NetworkInterface: Watching for changes on the interfaces.
Dec 20, 2025 15:56:45.329 [128740452149904] DEBUG - Detected primary interface: 172.18.0.4
Dec 20, 2025 15:56:45.329 [128740452149904] DEBUG - Network interfaces:
Dec 20, 2025 15:56:45.329 [128740452149904] DEBUG -  * 1 lo (127.0.0.1) (00-00-00-00-00-00) (loopback: 1)
Dec 20, 2025 15:56:45.329 [128740452149904] DEBUG -  * 2 eth0 (172.18.0.4) (06-C1-69-B1-DC-E9) (loopback: 0)
Dec 20, 2025 15:56:45.329 [128740452149904] DEBUG -  * 1 lo (::1) (00-00-00-00-00-00) (loopback: 1)
Dec 20, 2025 15:56:45.329 [128740452149904] DEBUG - Creating NetworkServices singleton.
Dec 20, 2025 15:56:45.329 [128740452149904] DEBUG - NetworkServices: Initializing...
Dec 20, 2025 15:56:45.329 [128740452149904] DEBUG - NetworkService: Creating new service.
Dec 20, 2025 15:56:45.329 [128740452149904] DEBUG - NetworkService: Got notification of changed network (first change: 1)
Dec 20, 2025 15:56:45.329 [128740452149904] DEBUG - NetworkService: Quick dispatch of network change.
Dec 20, 2025 15:56:45.329 [128740452149904] DEBUG - NetworkService: Creating new service.
Dec 20, 2025 15:56:45.329 [128740452149904] DEBUG - NetworkService: Got notification of changed network (first change: 1)
Dec 20, 2025 15:56:45.329 [128740452149904] DEBUG - NetworkService: Quick dispatch of network change.
Dec 20, 2025 15:56:45.329 [128740452149904] DEBUG - NetworkService: Creating new service.
Dec 20, 2025 15:56:45.329 [128740452149904] DEBUG - NetworkService: Got notification of changed network (first change: 1)
Dec 20, 2025 15:56:45.329 [128740452149904] DEBUG - NetworkService: Quick dispatch of network change.
Dec 20, 2025 15:56:45.329 [128740452149904] DEBUG - NetworkService: Creating new service.
Dec 20, 2025 15:56:45.329 [128740414745400] DEBUG - Network change for advertiser.
Dec 20, 2025 15:56:45.329 [128740414745400] DEBUG - NetworkService: Setting up multicast listener on 0.0.0.0:32414
Dec 20, 2025 15:56:45.329 [128740452149904] DEBUG - NetworkService: Got notification of changed network (first change: 1)
Dec 20, 2025 15:56:45.329 [128740452149904] DEBUG - NetworkService: Quick dispatch of network change.
Dec 20, 2025 15:56:45.329 [128740452149904] DEBUG - NetworkService: Creating new service.
Dec 20, 2025 15:56:45.329 [128740452149904] DEBUG - NetworkService: Got notification of changed network (first change: 1)
Dec 20, 2025 15:56:45.329 [128740452149904] DEBUG - NetworkService: Quick dispatch of network change.
Dec 20, 2025 15:56:45.329 [128740452149904] DEBUG - NetworkService: Creating new service.
Dec 20, 2025 15:56:45.329 [128740452149904] DEBUG - NetworkService: Got notification of changed network (first change: 1)
Dec 20, 2025 15:56:45.329 [128740452149904] DEBUG - NetworkService: Quick dispatch of network change.
Dec 20, 2025 15:56:45.331 [128740414745400] DEBUG - Network change for advertiser.
Dec 20, 2025 15:56:45.331 [128740414745400] DEBUG - NetworkService: Setting up multicast listener on 0.0.0.0:32410
Dec 20, 2025 15:56:45.331 [128740414745400] DEBUG - Network change for advertiser.
Dec 20, 2025 15:56:45.331 [128740414745400] DEBUG - NetworkService: Setting up multicast listener on 0.0.0.0:32412
Dec 20, 2025 15:56:45.331 [128740414745400] DEBUG - NetworkService: Network change for browser (polled=0), closing 0 browse sockets.
Dec 20, 2025 15:56:45.331 [128740414745400] DEBUG - NetworkService: Setting up multicast listener on 0.0.0.0:32413
Dec 20, 2025 15:56:45.331 [128740414745400] DEBUG - NetworkService: Browsing on interface 127.0.0.1 on broadcast address 127.255.255.255 (index: 0)
Dec 20, 2025 15:56:45.331 [128740414745400] DEBUG - NetworkService: Browsing on interface 172.18.0.4 on broadcast address 172.18.255.255 (index: 1)
Dec 20, 2025 15:56:45.331 [128740414745400] DEBUG - NetworkService: Network change for browser (polled=1), closing 0 browse sockets.
Dec 20, 2025 15:56:45.331 [128740414745400] DEBUG - NetworkService: Browsing on interface 127.0.0.1 on broadcast address 127.255.255.255 (index: 0)
Dec 20, 2025 15:56:45.331 [128740414745400] DEBUG - NetworkService: Browsing on interface 172.18.0.4 on broadcast address 172.18.255.255 (index: 1)
Dec 20, 2025 15:56:45.331 [128740414745400] DEBUG - NetworkService: Network change for browser (polled=0), closing 0 browse sockets.
Dec 20, 2025 15:56:45.331 [128740414745400] DEBUG - NetworkService: Setting up multicast listener on 0.0.0.0:1901
Dec 20, 2025 15:56:45.331 [128740414745400] DEBUG - NetworkService: Browsing on interface 172.18.0.4 on broadcast address 239.255.255.250 (index: 0)
Dec 20, 2025 15:56:45.331 [128740408310584] DEBUG - [ChildProcessMonitor] Plex Tuner Service starting.
Dec 20, 2025 15:56:45.331 [128740408310584] DEBUG - [ChildProcessMonitor/JobRunner] Job running: "/usr/lib/plexmediaserver/Plex Tuner Service" /usr/lib/plexmediaserver/Resources/Tuner/Private /usr/lib/plexmediaserver/Resources/Tuner/Shared 1.42.2.10156-f737b826c 32600
Dec 20, 2025 15:56:45.331 [128740410497848] DEBUG - [DatabaseFixups] Running fix-ups.
Dec 20, 2025 15:56:45.331 [128740410497848] DEBUG - [DatabaseFixups/31DatabaseFixupsCleanupRetroGames] Executing fixup
Dec 20, 2025 15:56:45.331 [128740412607288] DEBUG - [HCl#2] HTTP requesting GET https://plex.tv/api/v2/release_channels?X-Plex-Token=
Dec 20, 2025 15:56:45.331 [128740406201144] DEBUG - [HCl#3] HTTP requesting GET https://plex.tv/api/v2/user/privacy?X-Plex-Token=
Dec 20, 2025 15:56:45.331 [128740410497848] DEBUG - [DatabaseFixups/31DatabaseFixupsCleanupRetroGames] Fixup completed
Dec 20, 2025 15:56:45.331 [128740410497848] DEBUG - [DatabaseFixups/39DatabaseFixupsEnsureLibrarySectionUuids] Executing fixup
Dec 20, 2025 15:56:45.332 [128740408310584] DEBUG - [ChildProcessMonitor/JobRunner] Jobs: Starting child process with pid 271
Dec 20, 2025 15:56:45.332 [128740397747000] DEBUG - [HCl#4] HTTP requesting GET https://plex.tv/api/v2/features?X-Plex-Token=
Dec 20, 2025 15:56:45.332 [128740452149904] DEBUG - Waiting for server condition to be signaled.
Dec 20, 2025 15:56:45.332 [128740444937016] DEBUG - DVR: Starting up.
Dec 20, 2025 15:56:45.332 [128740410497848] DEBUG - [DatabaseFixups/39DatabaseFixupsEnsureLibrarySectionUuids] Fixup completed
Dec 20, 2025 15:56:45.332 [128740410497848] DEBUG - [DatabaseFixups/38DatabaseFixupsEnsureMetadataItemHashes] Executing fixup
Dec 20, 2025 15:56:45.333 [128740410497848] DEBUG - [DatabaseFixups/38DatabaseFixupsEnsureMetadataItemHashes] Fixup completed
Dec 20, 2025 15:56:45.333 [128740410497848] DEBUG - [DatabaseFixups/39DatabaseFixupsSetDefaultAccountLanguage] Executing fixup
Dec 20, 2025 15:56:45.333 [128740389247800] DEBUG - MyPlex: Sending unclaimed device connections
Dec 20, 2025 15:56:45.333 [128740389247800] DEBUG - [HCl#5] HTTP requesting POST https://plex.tv/devices/dd268c112884cf21776d2496179e93a2f35ab5d9/unclaimed?Connection[][uri]=http://172.18.0.4:32400
Dec 20, 2025 15:56:45.333 [128740410497848] DEBUG - [DatabaseFixups/39DatabaseFixupsSetDefaultAccountLanguage] Fixup completed
Dec 20, 2025 15:56:45.333 [128740410497848] DEBUG - [DatabaseFixups/52DatabaseFixupsCreateDefaultMediaProcessingTargetTags] Executing fixup
Dec 20, 2025 15:56:45.335 [128740410497848] DEBUG - [DatabaseFixups/52DatabaseFixupsCreateDefaultMediaProcessingTargetTags] Fixup completed
Dec 20, 2025 15:56:45.335 [128740410497848] DEBUG - [DatabaseFixups/43DatabaseFixupsUpdateAutomaticLibraryFolders] Executing fixup
Dec 20, 2025 15:56:45.335 [128740410497848] DEBUG - [DatabaseFixups/43DatabaseFixupsUpdateAutomaticLibraryFolders] Fixup completed
Dec 20, 2025 15:56:45.335 [128740410497848] DEBUG - [DatabaseFixups/29DatabaseFixupsSyncCollections] Executing fixup
Dec 20, 2025 15:56:45.335 [128740410497848] DEBUG - [DatabaseFixups/29DatabaseFixupsSyncCollections] Fixup completed
Dec 20, 2025 15:56:45.335 [128740410497848] DEBUG - [DatabaseFixups/31DatabaseFixupsCleanupActivities] Executing fixup
Dec 20, 2025 15:56:45.337 [128740444937016] DEBUG - Activity: registered new activity 78c2a4b1-1302-495b-a255-8dce2e59de02 - "Processing subscriptions"
Dec 20, 2025 15:56:45.338 [128740410497848] DEBUG - [DatabaseFixups/31DatabaseFixupsCleanupActivities] Fixup completed
Dec 20, 2025 15:56:45.338 [128740410497848] DEBUG - [DatabaseFixups/35DatabaseFixupsConsolidatePeopleTags] Executing fixup
Dec 20, 2025 15:56:45.340 [128740410497848] DEBUG - [DatabaseFixups/35DatabaseFixupsConsolidatePeopleTags] Fixup completed
Dec 20, 2025 15:56:45.340 [128740410497848] DEBUG - [DatabaseFixups/54DatabaseFixupsGarbageCollectTransientMetadataRelations] Executing fixup
Dec 20, 2025 15:56:45.340 [128740410497848] DEBUG - [DatabaseFixups/54DatabaseFixupsGarbageCollectTransientMetadataRelations] Fixup completed
Dec 20, 2025 15:56:45.340 [128740410497848] DEBUG - [DatabaseFixups/48DatabaseFixupsResetCorruptedMetadataItemClusters] Executing fixup
Dec 20, 2025 15:56:45.341 [128740410497848] DEBUG - [DatabaseFixups/48DatabaseFixupsResetCorruptedMetadataItemClusters] Fixup completed
Dec 20, 2025 15:56:45.341 [128740410497848] DEBUG - [DatabaseFixups] Running database fix-ups completed in 0.0 seconds.
Dec 20, 2025 15:56:45.357 [128740421106488] DEBUG - [HttpClient/HCl#1] HTTP/1.1 (0.0s) 200 response from GET http://127.0.0.1:36145/system/agents
Dec 20, 2025 15:56:45.358 [128740427606840] DEBUG - [com.plexapp.system] HTTP reply status 200, with 8986 bytes of content.
Dec 20, 2025 15:56:45.362 [128740427606840] DEBUG - The system knows about 12 agents.
Dec 20, 2025 15:56:45.362 [128740382669624] DEBUG - Starting plug-in /usr/lib/plexmediaserver/Resources/Plug-ins-f737b826c/MoviePosterDB.bundle.
Dec 20, 2025 15:56:45.362 [128740380560184] DEBUG - Starting plug-in /usr/lib/plexmediaserver/Resources/Plug-ins-f737b826c/LastFM.bundle.
Dec 20, 2025 15:56:45.362 [128740378450744] DEBUG - Starting plug-in /usr/lib/plexmediaserver/Resources/Plug-ins-f737b826c/LyricFind.bundle.
Dec 20, 2025 15:56:45.362 [128740427606840] DEBUG - Waiting for 16 plug-ins to finish starting.
Dec 20, 2025 15:56:45.363 [128740378450744] DEBUG - Perfect cache hit, we don't need to start [com.plexapp.agents.lyricfind] yet.
Dec 20, 2025 15:56:45.363 [128740378450744] DEBUG - Starting plug-in /usr/lib/plexmediaserver/Resources/Plug-ins-f737b826c/Media-Flags.bundle.
Dec 20, 2025 15:56:45.364 [128740382669624] DEBUG - Perfect cache hit, we don't need to start [com.plexapp.agents.movieposterdb] yet.
Dec 20, 2025 15:56:45.364 [128740382669624] DEBUG - Starting plug-in /usr/lib/plexmediaserver/Resources/Plug-ins-f737b826c/LocalMedia.bundle.
Dec 20, 2025 15:56:45.364 [128740380560184] DEBUG - Perfect cache hit, we don't need to start [com.plexapp.agents.lastfm] yet.
Dec 20, 2025 15:56:45.364 [128740380560184] DEBUG - Starting plug-in /usr/lib/plexmediaserver/Resources/Plug-ins-f737b826c/HTbackdrops.bundle.
Dec 20, 2025 15:56:45.364 [128740378450744] DEBUG - Starting plug-in /usr/lib/plexmediaserver/Resources/Plug-ins-f737b826c/PlexMovie.bundle.
Dec 20, 2025 15:56:45.365 [128740382669624] DEBUG - Perfect cache hit, we don't need to start [com.plexapp.agents.localmedia] yet.
Dec 20, 2025 15:56:45.365 [128740382669624] DEBUG - Starting plug-in /usr/lib/plexmediaserver/Resources/Plug-ins-f737b826c/Framework.bundle.
Dec 20, 2025 15:56:45.365 [128740380560184] DEBUG - Perfect cache hit, we don't need to start [com.plexapp.agents.htbackdrops] yet.
Dec 20, 2025 15:56:45.365 [128740380560184] DEBUG - Starting plug-in /usr/lib/plexmediaserver/Resources/Plug-ins-f737b826c/Fanart-TV.bundle.
Dec 20, 2025 15:56:45.367 [128740378450744] DEBUG - Perfect cache hit, we don't need to start [com.plexapp.agents.imdb] yet.
Dec 20, 2025 15:56:45.367 [128740378450744] DEBUG - Starting plug-in /usr/lib/plexmediaserver/Resources/Plug-ins-f737b826c/TheTVDB.bundle.
Dec 20, 2025 15:56:45.367 [128740382669624] DEBUG - Starting plug-in /usr/lib/plexmediaserver/Resources/Plug-ins-f737b826c/PlexThemeMusic.bundle.
Dec 20, 2025 15:56:45.367 [128740380560184] DEBUG - Perfect cache hit, we don't need to start [com.plexapp.agents.fanarttv] yet.
Dec 20, 2025 15:56:45.368 [128740380560184] DEBUG - Starting plug-in /usr/lib/plexmediaserver/Resources/Plug-ins-f737b826c/PersonalMedia.bundle.
Dec 20, 2025 15:56:45.368 [128740378450744] DEBUG - Perfect cache hit, we don't need to start [com.plexapp.agents.thetvdb] yet.
Dec 20, 2025 15:56:45.368 [128740378450744] DEBUG - Starting plug-in /usr/lib/plexmediaserver/Resources/Plug-ins-f737b826c/WebClient.bundle.
Dec 20, 2025 15:56:45.368 [128740382669624] DEBUG - Perfect cache hit, we don't need to start [com.plexapp.agents.plexthememusic] yet.
Dec 20, 2025 15:56:45.368 [128740382669624] DEBUG - Starting plug-in /usr/lib/plexmediaserver/Resources/Plug-ins-f737b826c/TheMovieDB.bundle.
Dec 20, 2025 15:56:45.369 [128740380560184] DEBUG - Perfect cache hit, we don't need to start [com.plexapp.agents.none] yet.
Dec 20, 2025 15:56:45.369 [128740380560184] DEBUG - Starting plug-in /usr/lib/plexmediaserver/Resources/Plug-ins-f737b826c/Scanners.bundle.
Dec 20, 2025 15:56:45.369 [128740378450744] DEBUG - Starting plug-in /usr/lib/plexmediaserver/Resources/Plug-ins-f737b826c/Musicbrainz.bundle.
Dec 20, 2025 15:56:45.370 [128740382669624] DEBUG - Perfect cache hit, we don't need to start [com.plexapp.agents.themoviedb] yet.
Dec 20, 2025 15:56:45.370 [128740378450744] DEBUG - Perfect cache hit, we don't need to start [org.musicbrainz.agents.music] yet.
Dec 20, 2025 15:56:45.372 [128740427606840] DEBUG - Starting scheduled updates, every 3600 seconds
Dec 20, 2025 15:56:45.372 [128740427606840] INFO - LibraryUpdateManager path watching is disabled
Dec 20, 2025 15:56:45.372 [128740427606840] DEBUG - Done waiting for all plug-ins to start.
Dec 20, 2025 15:56:45.372 [128740365646648] DEBUG - Downloading document http://127.0.0.1:32400/:/plugins/com.plexapp.agents.imdb/prefs
Dec 20, 2025 15:56:45.372 [128740427606840] DEBUG - PluginRepository::setStartState: 3, complete
Dec 20, 2025 15:56:45.372 [128740365646648] DEBUG - Translator: Found locale af
Dec 20, 2025 15:56:45.372 [128740365646648] DEBUG - Translator: Found locale hu_HU
Dec 20, 2025 15:56:45.372 [128740365646648] DEBUG - Translator: Found locale it
Dec 20, 2025 15:56:45.372 [128740365646648] DEBUG - Translator: Found locale ar
Dec 20, 2025 15:56:45.372 [128740365646648] DEBUG - Translator: Found locale hr_HR
Dec 20, 2025 15:56:45.372 [128740365646648] DEBUG - Translator: Found locale et_EE
Dec 20, 2025 15:56:45.372 [128740365646648] DEBUG - Translator: Found locale ro
Dec 20, 2025 15:56:45.372 [128740365646648] DEBUG - Translator: Found locale pt_BR
Dec 20, 2025 15:56:45.372 [128740365646648] DEBUG - Translator: Found locale ru
Dec 20, 2025 15:56:45.372 [128740365646648] DEBUG - Translator: Found locale uk
Dec 20, 2025 15:56:45.372 [128740365646648] DEBUG - Translator: Found locale sk
Dec 20, 2025 15:56:45.372 [128740365646648] DEBUG - Translator: Found locale lt
Dec 20, 2025 15:56:45.372 [128740365646648] DEBUG - Translator: Found locale fr
Dec 20, 2025 15:56:45.372 [128740365646648] DEBUG - Translator: Found locale pt
Dec 20, 2025 15:56:45.372 [128740365646648] DEBUG - Translator: Found locale no
Dec 20, 2025 15:56:45.372 [128740365646648] DEBUG - Translator: Found locale nl
Dec 20, 2025 15:56:45.372 [128740365646648] DEBUG - Translator: Found locale de
Dec 20, 2025 15:56:45.372 [128740365646648] DEBUG - Translator: Found locale ja_JP
Dec 20, 2025 15:56:45.372 [128740365646648] DEBUG - Translator: Found locale es
Dec 20, 2025 15:56:45.372 [128740365646648] DEBUG - Translator: Found locale ko
Dec 20, 2025 15:56:45.372 [128740365646648] DEBUG - Translator: Found locale nl_BE
Dec 20, 2025 15:56:45.372 [128740365646648] DEBUG - Translator: Found locale fi
Dec 20, 2025 15:56:45.372 [128740365646648] DEBUG - Translator: Found locale sv
Dec 20, 2025 15:56:45.372 [128740365646648] DEBUG - Translator: Found locale pl
Dec 20, 2025 15:56:45.372 [128740365646648] DEBUG - Translator: Found locale en
Dec 20, 2025 15:56:45.372 [128740365646648] DEBUG - Translator: Found locale cs_CZ
Dec 20, 2025 15:56:45.372 [128740365646648] DEBUG - Translator: Found locale da
Dec 20, 2025 15:56:45.372 [128740365646648] DEBUG - Translator: Found locale zh_CN
Dec 20, 2025 15:56:45.372 [128740365646648] DEBUG - Translator: Found locale he
Dec 20, 2025 15:56:45.372 [128740365646648] DEBUG - Translator: Found locale hu
Dec 20, 2025 15:56:45.372 [128740365646648] DEBUG - Translator: Found locale sl
Dec 20, 2025 15:56:45.372 [128740365646648] DEBUG - Translator: Found locale sr
Dec 20, 2025 15:56:45.377 [128740365646648] DEBUG - [Req#d] Starting file watcher for com.plexapp.agents.imdb
Dec 20, 2025 15:56:45.377 [128740365646648] DEBUG - [Req#d] Plugin: setting environment variable: 'PYTHONHOME=/usr/lib/plexmediaserver/Resources/Python'
Dec 20, 2025 15:56:45.377 [128740365646648] DEBUG - [Req#d] Plugin: setting environment variable: 'PYTHONPATH=/usr/lib/plexmediaserver/Resources/Python/python27.zip:/usr/lib/plexmediaserver/Resources/Python/lib/python2.7/site-packages'
Dec 20, 2025 15:56:45.379 [128740365646648] DEBUG - [Req#d] Spawned plug-in com.plexapp.agents.imdb with PID 306
Dec 20, 2025 15:56:45.379 [128740365646648] DEBUG - [Req#d] [com.plexapp.agents.imdb] Sending command: GET /:/prefixes
Dec 20, 2025 15:56:45.608 [128740421106488] DEBUG - [HttpClient/HCl#4] HTTP/1.1 (0.3s) 200 response from GET https://plex.tv/api/v2/features?X-Plex-Token=
Dec 20, 2025 15:56:45.610 [128740421106488] DEBUG - [HttpClient/HCl#2] HTTP/1.1 (0.3s) 200 response from GET https://plex.tv/api/v2/release_channels?X-Plex-Token=
Dec 20, 2025 15:56:45.616 [128740397747000] DEBUG - [HCl#6] HTTP requesting GET https://plex.tv/api/v2/server/users/features
Dec 20, 2025 15:56:45.622 [128740421106488] DEBUG - [HttpClient/HCl#3] HTTP/1.1 (0.3s) 200 response from GET https://plex.tv/api/v2/user/privacy?X-Plex-Token=
Dec 20, 2025 15:56:45.632 [128740421106488] DEBUG - [HttpClient/HCl#5] HTTP/1.1 (0.3s) 200 response from POST https://plex.tv/devices/dd268c112884cf21776d2496179e93a2f35ab5d9/unclaimed?Connection[][uri]=http://172.18.0.4:32400
Dec 20, 2025 15:56:45.729 [128740421106488] DEBUG - [HttpClient/HCl#6] HTTP/1.1 (0.1s) 401 response from GET https://plex.tv/api/v2/server/users/features (reused)
Dec 20, 2025 15:56:45.729 [128740391357240] ERROR - MyPlex: Error 401 requesting JSON from: https://plex.tv/api/v2/server/users/features
Dec 20, 2025 15:56:45.729 [128740397747000] WARN - FeatureManager: Couldn't get features. Trying again soon.
Dec 20, 2025 15:56:45.827 [128740423297848] DEBUG - Request: [127.0.0.1:55504 (Loopback)] GET /system/messaging/clear_events/com.plexapp.agents.imdb (3 live) #9 GZIP Token ()
Dec 20, 2025 15:56:45.827 [128740423297848] DEBUG - [Req#9] [com.plexapp.system] Sending command over HTTP (GET): /system/messaging/clear_events/com.plexapp.agents.imdb
Dec 20, 2025 15:56:45.827 [128740423297848] DEBUG - [Req#9/HCl#7] HTTP requesting GET http://127.0.0.1:36145/system/messaging/clear_events/com.plexapp.agents.imdb
Dec 20, 2025 15:56:45.836 [128740421106488] DEBUG - [HttpClient/HCl#7] HTTP/1.1 (0.0s) 200 response from GET http://127.0.0.1:36145/system/messaging/clear_events/com.plexapp.agents.imdb
Dec 20, 2025 15:56:45.836 [128740423297848] DEBUG - [Req#9] [com.plexapp.system] HTTP reply status 200, with 0 bytes of content.
Dec 20, 2025 15:56:45.836 [128740437203768] DEBUG - Completed: [127.0.0.1:55504] 200 GET /system/messaging/clear_events/com.plexapp.agents.imdb (3 live) #9 GZIP 9ms 280 bytes
Dec 20, 2025 15:56:45.878 [128740423297848] DEBUG - Request: [127.0.0.1:55518 (Loopback)] GET /:/plugins/com.plexapp.system/resourceHashes (3 live) #e GZIP Token ()
Dec 20, 2025 15:56:45.878 [128740423297848] DEBUG - [Req#e] [com.plexapp.system] Sending command over HTTP (GET): /:/plugins/com.plexapp.system/resourceHashes
Dec 20, 2025 15:56:45.878 [128740423297848] DEBUG - [Req#e/HCl#8] HTTP requesting GET http://127.0.0.1:36145/:/plugins/com.plexapp.system/resourceHashes
Dec 20, 2025 15:56:46.329 [128740421106488] DEBUG - [HttpClient/HCl#8] HTTP/1.1 (0.5s) 404 response from GET http://127.0.0.1:36145/:/plugins/com.plexapp.system/resourceHashes
Dec 20, 2025 15:56:46.329 [128740423297848] DEBUG - [Req#e] [com.plexapp.system] HTTP reply status 404, with 0 bytes of content.
Dec 20, 2025 15:56:46.329 [128740437203768] DEBUG - Completed: [127.0.0.1:55518] 404 GET /:/plugins/com.plexapp.system/resourceHashes (3 live) #e GZIP 451ms 261 bytes
Dec 20, 2025 15:56:46.361 [128740423297848] DEBUG - Request: [127.0.0.1:55520 (Loopback)] GET /:/plugins/com.plexapp.system/messaging/function/X0J1bmRsZVNlcnZpY2U6QWxsU2VydmljZXM_/Y2VyZWFsMQoxCmxpc3QKMApyMAo_/Y2VyZWFsMQoxCmRpY3QKMApyMAo_ (3 live) #10 GZIP Token ()
Dec 20, 2025 15:56:46.361 [128740423297848] DEBUG - [Req#10] [com.plexapp.system] Sending command over HTTP (GET): /:/plugins/com.plexapp.system/messaging/function/X0J1bmRsZVNlcnZpY2U6QWxsU2VydmljZXM_/Y2VyZWFsMQoxCmxpc3QKMApyMAo_/Y2VyZWFsMQoxCmRpY3QKMApyMAo_
Dec 20, 2025 15:56:46.361 [128740423297848] DEBUG - [Req#10/HCl#9] HTTP requesting GET http://127.0.0.1:36145/:/plugins/com.plexapp.system/messaging/function/X0J1bmRsZVNlcnZpY2U6QWxsU2VydmljZXM_/Y2VyZWFsMQoxCmxpc3QKMApyMAo_/Y2VyZWFsMQoxCmRpY3QKMApyMAo_
Dec 20, 2025 15:56:46.363 [128740395592504] DEBUG - Request: [127.0.0.1:55534 (Loopback)] GET / (4 live) #12 GZIP Token ()
Dec 20, 2025 15:56:46.364 [128740435094328] DEBUG - Completed: [127.0.0.1:55534] 200 GET / (4 live) #12 GZIP 1ms 2601 bytes
Dec 20, 2025 15:56:46.372 [128740421106488] DEBUG - [HttpClient/HCl#9] HTTP/1.1 (0.0s) 200 response from GET http://127.0.0.1:36145/:/plugins/com.plexapp.system/messaging/function/X0J1bmRsZVNlcnZpY2U6QWxsU2VydmljZXM_/Y2VyZWFsMQoxCmxpc3QKMApyMAo_/Y2VyZWFsMQoxCmRpY3QKMApyMAo_
Dec 20, 2025 15:56:46.373 [128740423297848] DEBUG - [Req#10] [com.plexapp.system] HTTP reply status 200, with 516 bytes of content.
Dec 20, 2025 15:56:46.373 [128740435094328] DEBUG - Completed: [127.0.0.1:55520] 200 GET /:/plugins/com.plexapp.system/messaging/function/X0J1bmRsZVNlcnZpY2U6QWxsU2VydmljZXM_/Y2VyZWFsMQoxCmxpc3QKMApyMAo_/Y2VyZWFsMQoxCmRpY3QKMApyMAo_ (3 live) #10 GZIP 11ms 746 bytes
Dec 20, 2025 15:56:46.597 [128740395592504] DEBUG - Request: [127.0.0.1:55538 (Loopback)] GET /:/plugins/com.plexapp.system/messaging/function/X0FnZW50U2VydmljZTpVcGRhdGVJbmZv/Y2VyZWFsMQoxCmxpc3QKMApyMAo_/Y2VyZWFsMQo3CmRpY3QKbGlzdApkaWN0Cmxpc3QKbGlzdApsaXN0Cmxpc3QKMgpzMjMKY29tLnBsZXhhcHAuYWdlbnRzLmltZGJzMTAKaWRlbnRpZmllcnIxCnMxMAphZ2VudF9pbmZvMQpyMgoxMApyMwpzMTEKbWVkaWFfdHlwZXNyNApzMTIKYWNjZXB0c19mcm9tbnMxNApmYWxsYmFja19hZ2VudHI1CnMxNApjb250cmlidXRlc190b3I2CnM5Cmxhbmd1YWdlc2IxczIwCnBlcnNpc3Rfc3RvcmVkX2ZpbGVzaTAKczcKdmVyc2lvbmIxczE2CnByaW1hcnlfcHJvdmlkZXJiMXM1CnByZWZzczE5ClBsZXggTW92aWUgKExlZ2FjeSlzNApuYW1lMQpzNQpNb3ZpZTEKczI5CmNvbS5wbGV4YXBwLmFnZW50cy5sb2NhbG1lZGlhMQpzMjkKY29tLnBsZXhhcHAuYWdlbnRzLnRoZW1vdmllZGIzMwpzMgplbnMyCnN2czIKZnJzMgplc3MyCm5sczIKZGVzMgppdHMyCmRhczIKYXJzMgpjYXMyCnpoczIKY3NzMgpldHMyCmZpczIKZWxzMgpoZXMyCmhpczIKaHVzMgppZHMyCmphczIKa29zMgpsdnMyCm5vczIKZmFzMgpwbHMyCnB0czIKcm9zMgpydXMyCnNrczIKdGhzMgp0cnMyCnVrczIKdmlyMAo_ (3 live) #13 GZIP Token ()
Dec 20, 2025 15:56:46.597 [128740395592504] DEBUG - [Req#13] [com.plexapp.system] Sending command over HTTP (GET): /:/plugins/com.plexapp.system/messaging/function/X0FnZW50U2VydmljZTpVcGRhdGVJbmZv/Y2VyZWFsMQoxCmxpc3QKMApyMAo_/Y2VyZWFsMQo3CmRpY3QKbGlzdApkaWN0Cmxpc3QKbGlzdApsaXN0Cmxpc3QKMgpzMjMKY29tLnBsZXhhcHAuYWdlbnRzLmltZGJzMTAKaWRlbnRpZmllcnIxCnMxMAphZ2VudF9pbmZvMQpyMgoxMApyMwpzMTEKbWVkaWFfdHlwZXNyNApzMTIKYWNjZXB0c19mcm9tbnMxNApmYWxsYmFja19hZ2VudHI1CnMxNApjb250cmlidXRlc190b3I2CnM5Cmxhbmd1YWdlc2IxczIwCnBlcnNpc3Rfc3RvcmVkX2ZpbGVzaTAKczcKdmVyc2lvbmIxczE2CnByaW1hcnlfcHJvdmlkZXJiMXM1CnByZWZzczE5ClBsZXggTW92aWUgKExlZ2FjeSlzNApuYW1lMQpzNQpNb3ZpZTEKczI5CmNvbS5wbGV4YXBwLmFnZW50cy5sb2NhbG1lZGlhMQpzMjkKY29tLnBsZXhhcHAuYWdlbnRzLnRoZW1vdmllZGIzMwpzMgplbnMyCnN2czIKZnJzMgplc3MyCm5sczIKZGVzMgppdHMyCmRhczIKYXJzMgpjYXMyCnpoczIKY3NzMgpldHMyCmZpczIKZWxzMgpoZXMyCmhpczIKaHVzMgppZHMyCmphczIKa29zMgpsdnMyCm5vczIKZmFzMgpwbHMyCnB0czIKcm9zMgpydXMyCnNrczIKdGhzMgp0cnMyCnVrczIKdmlyMAo_
Dec 20, 2025 15:56:46.597 [128740395592504] DEBUG - [Req#13/HCl#a] HTTP requesting GET http://127.0.0.1:36145/:/plugins/com.plexapp.system/messaging/function/X0FnZW50U2VydmljZTpVcGRhdGVJbmZv/Y2VyZWFsMQoxCmxpc3QKMApyMAo_/Y2VyZWFsMQo3CmRpY3QKbGlzdApkaWN0Cmxpc3QKbGlzdApsaXN0Cmxpc3QKMgpzMjMKY29tLnBsZXhhcHAuYWdlbnRzLmltZGJzMTAKaWRlbnRpZmllcnIxCnMxMAphZ2VudF9pbmZvMQpyMgoxMApyMwpzMTEKbWVkaWFfdHlwZXNyNApzMTIKYWNjZXB0c19mcm9tbnMxNApmYWxsYmFja19hZ2VudHI1CnMxNApjb250cmlidXRlc190b3I2CnM5Cmxhbmd1YWdlc2IxczIwCnBlcnNpc3Rfc3RvcmVkX2ZpbGVzaTAKczcKdmVyc2lvbmIxczE2CnByaW1hcnlfcHJvdmlkZXJiMXM1CnByZWZzczE5ClBsZXggTW92aWUgKExlZ2FjeSlzNApuYW1lMQpzNQpNb3ZpZTEKczI5CmNvbS5wbGV4YXBwLmFnZW50cy5sb2NhbG1lZGlhMQpzMjkKY29tLnBsZXhhcHAuYWdlbnRzLnRoZW1vdmllZGIzMwpzMgplbnMyCnN2czIKZnJzMgplc3MyCm5sczIKZGVzMgppdHMyCmRhczIKYXJzMgpjYXMyCnpoczIKY3NzMgpldHMyCmZpczIKZWxzMgpoZXMyCmhpczIKaHVzMgppZHMyCmphczIKa29zMgpsdnMyCm5vczIKZmFzMgpwbHMyCnB0czIKcm9zMgpydXMyCnNrczIKdGhzMgp0cnMyCnVrczIKdmlyMAo_
Dec 20, 2025 15:56:46.601 [128740421106488] DEBUG - [HttpClient/HCl#a] HTTP/1.1 (0.0s) 200 response from GET http://127.0.0.1:36145/:/plugins/com.plexapp.system/messaging/function/X0FnZW50U2VydmljZTpVcGRhdGVJbmZv/Y2VyZWFsMQoxCmxpc3QKMApyMAo_/Y2VyZWFsMQo3CmRpY3QKbGlzdApkaWN0Cmxpc3QKbGlzdApsaXN0Cmxpc3QKMgpzMjMKY29tLnBsZXhhcHAuYWdlbnRzLmltZGJzMTAKaWRlbnRpZmllcnIxCnMxMAphZ2VudF9pbmZvMQpyMgoxMApyMwpzMTEKbWVkaWFfdHlwZXNyNApzMTIKYWNjZXB0c19mcm9tbnMxNApmYWxsYmFja19hZ2VudHI1CnMxNApjb250cmlidXRlc190b3I2CnM5Cmxhbmd1YWdlc2IxczIwCnBlcnNpc3Rfc3RvcmVkX2ZpbGVzaTAKczcKdmVyc2lvbmIxczE2CnByaW1hcnlfcHJvdmlkZXJiMXM1CnByZWZzczE5ClBsZXggTW92aWUgKExlZ2FjeSlzNApuYW1lMQpzNQpNb3ZpZTEKczI5CmNvbS5wbGV4YXBwLmFnZW50cy5sb2NhbG1lZGlhMQpzMjkKY29tLnBsZXhhcHAuYWdlbnRzLnRoZW1vdmllZGIzMwpzMgplbnMyCnN2czIKZnJzMgplc3MyCm5sczIKZGVzMgppdHMyCmRhczIKYXJzMgpjYXMyCnpoczIKY3NzMgpldHMyCmZpczIKZWxzMgpoZXMyCmhpczIKaHVzMgppZHMyCmphczIKa29zMgpsdnMyCm5vczIKZmFzMgpwbHMyCnB0czIKcm9zMgpydXMyCnNrczIKdGhzMgp0cnMyCnVrczIKdmlyMAo_
Dec 20, 2025 15:56:46.601 [128740395592504] DEBUG - [Req#13] [com.plexapp.system] HTTP reply status 200, with 16 bytes of content.
Dec 20, 2025 15:56:46.601 [128740435094328] DEBUG - Completed: [127.0.0.1:55538] 200 GET /:/plugins/com.plexapp.system/messaging/function/X0FnZW50U2VydmljZTpVcGRhdGVJbmZv/Y2VyZWFsMQoxCmxpc3QKMApyMAo_/Y2VyZWFsMQo3CmRpY3QKbGlzdApkaWN0Cmxpc3QKbGlzdApsaXN0Cmxpc3QKMgpzMjMKY29tLnBsZXhhcHAuYWdlbnRzLmltZGJzMTAKaWRlbnRpZmllcnIxCnMxMAphZ2VudF9pbmZvMQpyMgoxMApyMwpzMTEKbWVkaWFfdHlwZXNyNApzMTIKYWNjZXB0c19mcm9tbnMxNApmYWxsYmFja19hZ2VudHI1CnMxNApjb250cmlidXRlc190b3I2CnM5Cmxhbmd1YWdlc2IxczIwCnBlcnNpc3Rfc3RvcmVkX2ZpbGVzaTAKczcKdmVyc2lvbmIxczE2CnByaW1hcnlfcHJvdmlkZXJiMXM1CnByZWZzczE5ClBsZXggTW92aWUgKExlZ2FjeSlzNApuYW1lMQpzNQpNb3ZpZTEKczI5CmNvbS5wbGV4YXBwLmFnZW50cy5sb2NhbG1lZGlhMQpzMjkKY29tLnBsZXhhcHAuYWdlbnRzLnRoZW1vdmllZGIzMwpzMgplbnMyCnN2czIKZnJzMgplc3MyCm5sczIKZGVzMgppdHMyCmRhczIKYXJzMgpjYXMyCnpoczIKY3NzMgpldHMyCmZpczIKZWxzMgpoZXMyCmhpczIKaHVzMgppZHMyCmphczIKa29zMgpsdnMyCm5vczIKZmFzMgpwbHMyCnB0czIKcm9zMgpydXMyCnNrczIKdGhzMgp0cnMyCnVrczIKdmlyMAo_ (3 live) #13 GZIP 4ms 415 bytes
Dec 20, 2025 15:56:46.607 [128740365646648] DEBUG - [Req#d] Reading 148 bytes in the body, code is 200
Dec 20, 2025 15:56:46.607 [128740365646648] DEBUG - [Req#d] [com.plexapp.agents.imdb] Plug-in running on port 38391.
Dec 20, 2025 15:56:46.607 [128740365646648] DEBUG - [Req#d] Read configuration for [com.plexapp.agents.imdb], had 0 prefixes
Dec 20, 2025 15:56:46.608 [128740365646648] DEBUG - [Req#d] [com.plexapp.agents.imdb] Sending command over HTTP (GET): /:/plugins/com.plexapp.agents.imdb/prefs
Dec 20, 2025 15:56:46.608 [128740365646648] DEBUG - [Req#d/HCl#b] HTTP requesting GET http://127.0.0.1:38391/:/plugins/com.plexapp.agents.imdb/prefs
Dec 20, 2025 15:56:46.705 [128740421106488] DEBUG - [HttpClient/HCl#b] HTTP/1.1 (0.1s) 200 response from GET http://127.0.0.1:38391/:/plugins/com.plexapp.agents.imdb/prefs
Dec 20, 2025 15:56:46.705 [128740365646648] DEBUG - [Req#d] [com.plexapp.agents.imdb] HTTP reply status 200, with 2224 bytes of content.
Dec 20, 2025 15:56:46.705 [128740365646648] DEBUG - Caching document http://127.0.0.1:32400/:/plugins/com.plexapp.agents.imdb/prefs as 57b12e31a5690c604b3b334da91f807f43d941ab
Dec 20, 2025 15:56:46.705 [128740365646648] DEBUG - IVA: Downloading trailer lists.
Dec 20, 2025 15:56:46.808 [128740365646648] DEBUG - IVA: Downloaded 52 trailers for source 1.
Dec 20, 2025 15:56:46.839 [128740365646648] DEBUG - IVA: Downloaded 28 trailers for source 2.
Dec 20, 2025 15:56:48.334 [128740387130168] DEBUG - [MediaProviderManager] Refreshing media providers
Dec 20, 2025 15:56:48.458 [128740387130168] DEBUG - [MediaProviderManager] we had 0 cloud providers online, we now have 1
Dec 20, 2025 15:56:48.458 [128740387130168] DEBUG - [MediaProviderManager] cloud provider (Metadata) is online and available
Dec 20, 2025 15:56:48.460 [128740387130168] DEBUG - [MediaProviderManager/MetadataAgentManager] Found media provider for agent provider 'tv.plex.agents.movie' with source URI 'provider://tv.plex.provider.metadata'
Dec 20, 2025 15:56:48.462 [128740387130168] DEBUG - [MediaProviderManager/MetadataAgentManager] Found media provider for agent provider 'tv.plex.agents.series' with source URI 'provider://tv.plex.provider.metadata'
Dec 20, 2025 15:56:48.463 [128740387130168] DEBUG - [MediaProviderManager/MetadataAgentManager] Found media provider for agent provider 'tv.plex.agents.music' with source URI 'provider://tv.plex.provider.metadata'
Dec 20, 2025 15:56:48.465 [128740387130168] DEBUG - [MediaProviderManager/MetadataAgentManager] Found media provider for agent provider 'org.musicbrainz.agents.music' with source URI 'provider://tv.plex.provider.metadata'
Dec 20, 2025 15:56:48.465 [128740387130168] DEBUG - [MediaProviderManager] Media provider refresh complete
Dec 20, 2025 15:56:50.330 [128740414745400] DEBUG - [NSB] NetworkServiceBrowser: SERVER arrived: 127.0.0.1 (9722d71cd01f)
Dec 20, 2025 15:56:50.330 [128740414745400] DEBUG - [NSB] Notifying the system bundle an update to server /system/notify/serverUpdated?host=127.0.0.1
Dec 20, 2025 15:56:50.330 [128740414745400] DEBUG - [NSB] [com.plexapp.system] Sending command over HTTP (GET): /system/notify/serverUpdated?host=127.0.0.1
Dec 20, 2025 15:56:50.330 [128740414745400] DEBUG - [NSB/HCl#13] HTTP requesting GET http://127.0.0.1:36145/system/notify/serverUpdated?host=127.0.0.1
Dec 20, 2025 15:56:50.364 [128740423297848] DEBUG - Request: [127.0.0.1:55554 (Loopback)] GET /servers (3 live) #16 GZIP Token ()
Dec 20, 2025 15:56:50.365 [128740435094328] DEBUG - Completed: [127.0.0.1:55554] 200 GET /servers (3 live) #16 GZIP 0ms 492 bytes
Dec 20, 2025 15:56:50.375 [128740421106488] DEBUG - [HttpClient/HCl#13] HTTP/1.1 (0.0s) 200 response from GET http://127.0.0.1:36145/system/notify/serverUpdated?host=127.0.0.1
Dec 20, 2025 15:56:50.375 [128740414745400] DEBUG - [NSB] [com.plexapp.system] HTTP reply status 200, with 0 bytes of content.
Dec 20, 2025 15:56:54.131 [128740374100792] DEBUG - DVR:Device: Discovering and refreshing all devices.
Dec 20, 2025 15:56:54.131 [128740374100792] DEBUG - Grabber: HDHomerun discovered 0 compatible devices.
Dec 20, 2025 15:56:54.131 [128740374100792] DEBUG - [HCl#14] HTTP requesting POST http://127.0.0.1:32600/devices/discover
Dec 20, 2025 15:56:55.338 [128740387130168] DEBUG - Grabber: Cleaning up orphaned grabs.
Dec 20, 2025 15:56:55.338 [128740387130168] DEBUG - Grabber: Cleaned up 0 decrepit directories in 0.0 sec.
Dec 20, 2025 15:56:55.340 [128740387130168] DEBUG - Activity: registered new activity 1957b573-de3f-49ea-9f88-abec24448b49 - "Processing subscriptions"
Dec 20, 2025 15:56:55.340 [128740387130168] DEBUG - Subscription: Scheduling subscriptions.
Dec 20, 2025 15:56:55.341 [128740387130168] DEBUG - Subscription: Initialized 0 schedulers.
Dec 20, 2025 15:56:55.341 [128740387130168] DEBUG - Subscription: Starting with 0 grabs, scheduled 0 active ones preemptively.
Dec 20, 2025 15:56:55.341 [128740387130168] DEBUG - Subscription: Scheduled all subscriptions in 1 ms.
Dec 20, 2025 15:56:55.342 [128740387130168] DEBUG - Activity: Ended activity 1957b573-de3f-49ea-9f88-abec24448b49.
Dec 20, 2025 15:56:55.343 [128740387130168] DEBUG - Subscription: There are 0 active grabs at the end.
Dec 20, 2025 15:56:55.345 [128740387130168] DEBUG - Activity: Ended activity 78c2a4b1-1302-495b-a255-8dce2e59de02.
Dec 20, 2025 15:56:55.346 [128740387130168] DEBUG - Subscription: Refreshed all content in 8 ms.
Dec 20, 2025 15:56:56.558 [128740421106488] DEBUG - [HttpClient/HCl#14] HTTP/1.1 (2.4s) 200 response from POST http://127.0.0.1:32600/devices/discover
Dec 20, 2025 15:58:43.182 [128740444937016] DEBUG - BPQ: [Starting] -> [Processing]
Dec 20, 2025 15:58:43.187 [128740444937016] DEBUG - BPQ: generating queue items from 0 generator(s)
Dec 20, 2025 15:58:43.187 [128740444937016] DEBUG - BPQ: generated 0 item(s) for queue
Dec 20, 2025 15:58:43.189 [128740444937016] DEBUG - BPQ: [Processing] -> [Idle]
Dec 20, 2025 15:58:45.243 [128740423297848] DEBUG - Request: [127.0.0.1:45356 (Loopback)] GET /servers (2 live) #1b GZIP Token ()
Dec 20, 2025 15:58:45.243 [128740435094328] DEBUG - Completed: [127.0.0.1:45356] 200 GET /servers (2 live) #1b GZIP 0ms 492 bytes
Dec 20, 2025 15:58:45.257 [128740423297848] DEBUG - Request: [127.0.0.1:45358 (Loopback)] GET / (2 live) #1e GZIP Token ()
Dec 20, 2025 15:58:45.257 [128740435094328] DEBUG - Completed: [127.0.0.1:45358] 200 GET / (2 live) #1e GZIP 0ms 2601 bytes
Dec 20, 2025 15:58:45.269 [128740423297848] DEBUG - Request: [127.0.0.1:45360 (Loopback)] GET /library/sections (2 live) #20 GZIP Token ()
Dec 20, 2025 15:58:45.271 [128740435094328] DEBUG - Completed: [127.0.0.1:45360] 200 GET /library/sections (2 live) #20 GZIP 1ms 403 bytes
Dec 20, 2025 15:58:45.283 [128740423297848] DEBUG - Request: [127.0.0.1:45362 (Loopback)] GET /channels/all (2 live) #22 GZIP Token ()
Dec 20, 2025 15:58:45.283 [128740435094328] DEBUG - Completed: [127.0.0.1:45362] 200 GET /channels/all (2 live) #22 GZIP 0ms 387 bytes
Dec 20, 2025 15:58:45.299 [128740423297848] DEBUG - Request: [127.0.0.1:45376 (Loopback)] GET /library/sections (2 live) #24 GZIP Token ()
Dec 20, 2025 15:58:45.299 [128740437203768] DEBUG - Completed: [127.0.0.1:45376] 200 GET /library/sections (2 live) #24 GZIP 0ms 403 bytes
Dec 20, 2025 15:58:45.312 [128740423297848] DEBUG - Request: [127.0.0.1:45392 (Loopback)] GET /channels/all (2 live) #26 GZIP Token ()
Dec 20, 2025 15:58:45.312 [128740435094328] DEBUG - Completed: [127.0.0.1:45392] 200 GET /channels/all (2 live) #26 GZIP 0ms 387 bytes
Dec 20, 2025 16:01:45.712 [128740369865528] DEBUG - [HCl#15] HTTP requesting GET https://plex.tv/api/v2/features?X-Plex-Token=
Dec 20, 2025 16:01:46.028 [128740421106488] DEBUG - [HttpClient/HCl#15] HTTP/1.1 (0.3s) 200 response from GET https://plex.tv/api/v2/features?X-Plex-Token=
Dec 20, 2025 16:01:46.042 [128740369865528] DEBUG - [HCl#16] HTTP requesting GET https://plex.tv/api/v2/server/users/features
Dec 20, 2025 16:01:46.127 [128740421106488] DEBUG - [HttpClient/HCl#16] HTTP/1.1 (0.1s) 401 response from GET https://plex.tv/api/v2/server/users/features (reused)
Dec 20, 2025 16:01:46.127 [128740412607288] ERROR - MyPlex: Error 401 requesting JSON from: https://plex.tv/api/v2/server/users/features
Dec 20, 2025 16:01:46.127 [128740369865528] WARN - FeatureManager: Couldn't get features. Trying again soon.
Dec 20, 2025 16:06:46.110 [128740369865528] DEBUG - [HCl#17] HTTP requesting GET https://plex.tv/api/v2/features?X-Plex-Token=
Dec 20, 2025 16:06:46.461 [128740421106488] DEBUG - [HttpClient/HCl#17] HTTP/1.1 (0.4s) 200 response from GET https://plex.tv/api/v2/features?X-Plex-Token=
Dec 20, 2025 16:06:46.469 [128740369865528] DEBUG - [HCl#18] HTTP requesting GET https://plex.tv/api/v2/server/users/features
Dec 20, 2025 16:06:46.559 [128740421106488] DEBUG - [HttpClient/HCl#18] HTTP/1.1 (0.1s) 401 response from GET https://plex.tv/api/v2/server/users/features (reused)
Dec 20, 2025 16:06:46.559 [128740412607288] ERROR - MyPlex: Error 401 requesting JSON from: https://plex.tv/api/v2/server/users/features
Dec 20, 2025 16:06:46.559 [128740369865528] WARN - FeatureManager: Couldn't get features. Trying again soon.
Dec 20, 2025 16:11:46.553 [128740369865528] DEBUG - [HCl#19] HTTP requesting GET https://plex.tv/api/v2/features?X-Plex-Token=
Dec 20, 2025 16:12:01.557 [128740421106488] DEBUG - [HttpClient/HCl#19] HTTP simulating 408 after curl timeout
Dec 20, 2025 16:12:01.559 [128740369865528] DEBUG - FeatureManager: Using cached data for features list
Dec 20, 2025 16:12:01.562 [128740369865528] DEBUG - [HCl#1a] HTTP requesting GET https://plex.tv/api/v2/server/users/features
Dec 20, 2025 16:12:16.567 [128740421106488] DEBUG - [HttpClient/HCl#1a] HTTP simulating 408 after curl timeout
Dec 20, 2025 16:12:16.571 [128740410497848] DEBUG - MyPlex: no cached data to load for request for https://plex.tv/api/v2/server/users/features
Dec 20, 2025 16:12:16.571 [128740410497848] ERROR - MyPlex: Error 408 requesting JSON from: https://plex.tv/api/v2/server/users/features
Dec 20, 2025 16:12:16.571 [128740369865528] WARN - FeatureManager: Couldn't get features. Trying again soon.
Dec 20, 2025 16:17:16.571 [128740412607288] DEBUG - [HCl#1b] HTTP requesting GET https://plex.tv/api/v2/features?X-Plex-Token=
Dec 20, 2025 16:17:31.575 [128740421106488] DEBUG - [HttpClient/HCl#1b] HTTP simulating 408 after curl timeout
Dec 20, 2025 16:17:31.579 [128740412607288] DEBUG - FeatureManager: Using cached data for features list
Dec 20, 2025 16:17:31.584 [128740412607288] DEBUG - [HCl#1c] HTTP requesting GET https://plex.tv/api/v2/server/users/features
Dec 20, 2025 16:17:46.589 [128740421106488] DEBUG - [HttpClient/HCl#1c] HTTP simulating 408 after curl timeout
Dec 20, 2025 16:17:46.590 [128740410497848] DEBUG - MyPlex: no cached data to load for request for https://plex.tv/api/v2/server/users/features
Dec 20, 2025 16:17:46.590 [128740410497848] ERROR - MyPlex: Error 408 requesting JSON from: https://plex.tv/api/v2/server/users/features
Dec 20, 2025 16:17:46.590 [128740412607288] WARN - FeatureManager: Couldn't get features. Trying again soon.
Dec 20, 2025 16:22:46.591 [128740369865528] DEBUG - [HCl#1d] HTTP requesting GET https://plex.tv/api/v2/features?X-Plex-Token=
Dec 20, 2025 16:23:01.595 [128740421106488] DEBUG - [HttpClient/HCl#1d] HTTP simulating 408 after curl timeout
Dec 20, 2025 16:23:01.596 [128740369865528] DEBUG - FeatureManager: Using cached data for features list
Dec 20, 2025 16:23:01.599 [128740369865528] DEBUG - [HCl#1e] HTTP requesting GET https://plex.tv/api/v2/server/users/features
Dec 20, 2025 16:23:16.604 [128740421106488] DEBUG - [HttpClient/HCl#1e] HTTP simulating 408 after curl timeout
Dec 20, 2025 16:23:16.606 [128740410497848] DEBUG - MyPlex: no cached data to load for request for https://plex.tv/api/v2/server/users/features
Dec 20, 2025 16:23:16.606 [128740410497848] ERROR - MyPlex: Error 408 requesting JSON from: https://plex.tv/api/v2/server/users/features
Dec 20, 2025 16:23:16.606 [128740369865528] WARN - FeatureManager: Couldn't get features. Trying again soon.
Dec 20, 2025 16:26:54.475 [128740382227256] DEBUG - Putting plug-in com.plexapp.agents.imdb to sleep.
Dec 20, 2025 16:26:54.475 [128740382227256] DEBUG - Stopping [com.plexapp.agents.imdb].
Dec 20, 2025 16:26:54.475 [128740382227256] DEBUG - [com.plexapp.agents.imdb] Killing.
Dec 20, 2025 16:26:54.478 [128740447406904] WARN - JobManager: Could not find job for handle 306
Dec 20, 2025 16:27:04.476 [128740382227256] DEBUG - Stopping file watcher for com.plexapp.agents.imdb
Dec 20, 2025 16:28:16.607 [128740369865528] DEBUG - [HCl#1f] HTTP requesting GET https://plex.tv/api/v2/features?X-Plex-Token=
Dec 20, 2025 16:28:31.611 [128740421106488] DEBUG - [HttpClient/HCl#1f] HTTP simulating 408 after curl timeout
Dec 20, 2025 16:28:31.614 [128740369865528] DEBUG - FeatureManager: Using cached data for features list
Dec 20, 2025 16:28:31.653 [128740369865528] DEBUG - [HCl#20] HTTP requesting GET https://plex.tv/api/v2/server/users/features
Dec 20, 2025 16:28:46.658 [128740421106488] DEBUG - [HttpClient/HCl#20] HTTP simulating 408 after curl timeout
Dec 20, 2025 16:28:46.662 [128740410497848] DEBUG - MyPlex: no cached data to load for request for https://plex.tv/api/v2/server/users/features
Dec 20, 2025 16:28:46.662 [128740410497848] ERROR - MyPlex: Error 408 requesting JSON from: https://plex.tv/api/v2/server/users/features
Dec 20, 2025 16:28:46.662 [128740369865528] WARN - FeatureManager: Couldn't get features. Trying again soon.
